#
# There is insufficient memory for the Java Runtime Environment to continue.
# Native memory allocation (malloc) failed to allocate 794736 bytes for Chunk::new
# Possible reasons:
#   The system is out of physical RAM or swap space
#   In 32 bit mode, the process size limit was hit
# Possible solutions:
#   Reduce memory load on the system
#   Increase physical memory or swap space
#   Check if swap backing store is full
#   Use 64 bit Java on a 64 bit OS
#   Decrease Java heap size (-Xmx/-Xms)
#   Decrease number of Java threads
#   Decrease Java thread stack sizes (-Xss)
#   Set larger code cache with -XX:ReservedCodeCacheSize=
# This output file may be truncated or incomplete.
#
#  Out of Memory Error (allocation.cpp:390), pid=5176, tid=0x0000000000001ff8
#
# JRE version: OpenJDK Runtime Environment (8.0_152-b01) (build 1.8.0_152-release-915-b01)
# Java VM: OpenJDK 64-Bit Server VM (25.152-b01 mixed mode windows-amd64 compressed oops)
# Failed to write core dump. Minidumps are not enabled by default on client versions of Windows
#

---------------  T H R E A D  ---------------

Current thread (0x000000001d6e3800):  JavaThread "C2 CompilerThread0" daemon [_thread_in_native, id=8184, stack(0x000000001ee40000,0x000000001ef40000)]

Stack: [0x000000001ee40000,0x000000001ef40000]
[error occurred during error reporting (printing stack bounds), id 0xc0000005]

Native frames: (J=compiled Java code, j=interpreted, Vv=VM code, C=native code)


Current CompileTask:
C2:   2332 1094   !   4       com.android.dx.cf.code.BytecodeArray::parseInstruction (2764 bytes)


---------------  P R O C E S S  ---------------

Java Threads: ( => current thread )
  0x000000001d8df800 JavaThread "pool-2-thread-4" [_thread_in_Java, id=4264, stack(0x000000001fc30000,0x000000001fd30000)]
  0x000000001d8db800 JavaThread "pool-2-thread-3" [_thread_blocked, id=1612, stack(0x000000001fb20000,0x000000001fc20000)]
  0x000000001d8a9000 JavaThread "pool-2-thread-2" [_thread_blocked, id=7544, stack(0x000000001f9b0000,0x000000001fab0000)]
  0x000000001d891800 JavaThread "pool-3-thread-1" [_thread_blocked, id=7504, stack(0x000000001f800000,0x000000001f900000)]
  0x000000001d890800 JavaThread "pool-2-thread-1" [_thread_in_Java, id=7444, stack(0x000000001f5a0000,0x000000001f6a0000)]
  0x000000001d74a800 JavaThread "Service Thread" daemon [_thread_blocked, id=7292, stack(0x000000001ef80000,0x000000001f080000)]
  0x000000001d747800 JavaThread "C1 CompilerThread3" daemon [_thread_blocked, id=7288, stack(0x000000001f2b0000,0x000000001f3b0000)]
  0x000000001d744800 JavaThread "C2 CompilerThread2" daemon [_thread_in_native, id=7232, stack(0x000000001f0e0000,0x000000001f1e0000)]
  0x000000001d6eb000 JavaThread "C2 CompilerThread1" daemon [_thread_in_native, id=7184, stack(0x000000001ed00000,0x000000001ee00000)]
=>0x000000001d6e3800 JavaThread "C2 CompilerThread0" daemon [_thread_in_native, id=8184, stack(0x000000001ee40000,0x000000001ef40000)]
  0x000000001d6ce800 JavaThread "Attach Listener" daemon [_thread_blocked, id=8116, stack(0x000000001ebc0000,0x000000001ecc0000)]
  0x000000001d6cd800 JavaThread "Signal Dispatcher" daemon [_thread_blocked, id=8108, stack(0x000000001e5e0000,0x000000001e6e0000)]
  0x000000001c93c000 JavaThread "Finalizer" daemon [_thread_blocked, id=7980, stack(0x000000001ea80000,0x000000001eb80000)]
  0x000000001c935000 JavaThread "Reference Handler" daemon [_thread_blocked, id=7724, stack(0x000000001e910000,0x000000001ea10000)]
  0x000000000041e800 JavaThread "main" [_thread_blocked, id=7896, stack(0x0000000002810000,0x0000000002910000)]

Other Threads:
  0x000000001d671800 VMThread [stack: 0x000000001e780000,0x000000001e880000] [id=7964]
  0x000000001d74f000 WatcherThread [stack: 0x000000001f3b0000,0x000000001f4b0000] [id=7364]

VM state:not at safepoint (normal execution)

VM Mutex/Monitor currently owned by a thread: None

Heap:
 PSYoungGen      total 38400K, used 8068K [0x000000076ab00000, 0x000000076d580000, 0x00000007c0000000)
  eden space 33280K, 8% used [0x000000076ab00000,0x000000076ade8a50,0x000000076cb80000)
  from space 5120K, 99% used [0x000000076d080000,0x000000076d578910,0x000000076d580000)
  to   space 5120K, 0% used [0x000000076cb80000,0x000000076cb80000,0x000000076d080000)
 ParOldGen       total 87552K, used 18099K [0x00000006c0000000, 0x00000006c5580000, 0x000000076ab00000)
  object space 87552K, 20% used [0x00000006c0000000,0x00000006c11acef0,0x00000006c5580000)
 Metaspace       used 5857K, capacity 6896K, committed 7040K, reserved 1056768K
  class space    used 578K, capacity 616K, committed 640K, reserved 1048576K

Card table byte_map: [0x0000000011cd0000,0x00000000124e0000] byte_map_base: 0x000000000e6d0000

Marking Bits: (ParMarkBitMap*) 0x0000000073fb3950
 Begin Bits: [0x0000000013750000, 0x0000000017750000)
 End Bits:   [0x0000000017750000, 0x000000001b750000)

Polling page: 0x0000000000230000

CodeCache: size=245760Kb used=4711Kb max_used=4711Kb free=241048Kb
 bounds [0x0000000002910000, 0x0000000002db0000, 0x0000000011910000]
 total_blobs=1388 nmethods=1125 adapters=177
 compilation: enabled

Compilation events (10 events):
Event: 2.323 Thread 0x000000001d747800 1147       2       com.android.dx.ssa.SsaRenamer$BlockRenamer::addMapping (143 bytes)
Event: 2.324 Thread 0x000000001d747800 nmethod 1147 0x0000000002da8250 code [0x0000000002da8420, 0x0000000002da8a28]
Event: 2.324 Thread 0x000000001d747800 1148       2       com.android.dx.ssa.ConstCollector::getConstsSortedByCountUse (386 bytes)
Event: 2.326 Thread 0x000000001d747800 nmethod 1148 0x0000000002da9010 code [0x0000000002da93a0, 0x0000000002daa608]
Event: 2.326 Thread 0x000000001d747800 1149       2       com.android.dx.ssa.back.IdenticalBlockCombiner::process (323 bytes)
Event: 2.327 Thread 0x000000001d747800 nmethod 1149 0x0000000002dabe10 code [0x0000000002dac0e0, 0x0000000002dacab8]
Event: 2.327 Thread 0x000000001d747800 1150       2       com.android.dx.util.Bits::isEmpty (26 bytes)
Event: 2.327 Thread 0x000000001d747800 nmethod 1150 0x0000000002dada10 code [0x0000000002dadb60, 0x0000000002dadd10]
Event: 2.327 Thread 0x000000001d747800 1151       2       com.android.dx.ssa.SsaMethod::onInsnsChanged (16 bytes)
Event: 2.327 Thread 0x000000001d747800 nmethod 1151 0x0000000002dade10 code [0x0000000002dadf60, 0x0000000002dae0f0]

GC Heap History (4 events):
Event: 1.071 GC heap before
{Heap before GC invocations=1 (full 0):
 PSYoungGen      total 38400K, used 33280K [0x000000076ab00000, 0x000000076d580000, 0x00000007c0000000)
  eden space 33280K, 100% used [0x000000076ab00000,0x000000076cb80000,0x000000076cb80000)
  from space 5120K, 0% used [0x000000076d080000,0x000000076d080000,0x000000076d580000)
  to   space 5120K, 0% used [0x000000076cb80000,0x000000076cb80000,0x000000076d080000)
 ParOldGen       total 87552K, used 0K [0x00000006c0000000, 0x00000006c5580000, 0x000000076ab00000)
  object space 87552K, 0% used [0x00000006c0000000,0x00000006c0000000,0x00000006c5580000)
 Metaspace       used 5791K, capacity 6832K, committed 7040K, reserved 1056768K
  class space    used 578K, capacity 616K, committed 640K, reserved 1048576K
Event: 1.715 GC heap after
Heap after GC invocations=1 (full 0):
 PSYoungGen      total 38400K, used 5106K [0x000000076ab00000, 0x000000076d580000, 0x00000007c0000000)
  eden space 33280K, 0% used [0x000000076ab00000,0x000000076ab00000,0x000000076cb80000)
  from space 5120K, 99% used [0x000000076cb80000,0x000000076d07ca50,0x000000076d080000)
  to   space 5120K, 0% used [0x000000076d080000,0x000000076d080000,0x000000076d580000)
 ParOldGen       total 87552K, used 3511K [0x00000006c0000000, 0x00000006c5580000, 0x000000076ab00000)
  object space 87552K, 4% used [0x00000006c0000000,0x00000006c036dd70,0x00000006c5580000)
 Metaspace       used 5791K, capacity 6832K, committed 7040K, reserved 1056768K
  class space    used 578K, capacity 616K, committed 640K, reserved 1048576K
}
Event: 1.910 GC heap before
{Heap before GC invocations=2 (full 0):
 PSYoungGen      total 38400K, used 38386K [0x000000076ab00000, 0x000000076d580000, 0x00000007c0000000)
  eden space 33280K, 100% used [0x000000076ab00000,0x000000076cb80000,0x000000076cb80000)
  from space 5120K, 99% used [0x000000076cb80000,0x000000076d07ca50,0x000000076d080000)
  to   space 5120K, 0% used [0x000000076d080000,0x000000076d080000,0x000000076d580000)
 ParOldGen       total 87552K, used 3511K [0x00000006c0000000, 0x00000006c5580000, 0x000000076ab00000)
  object space 87552K, 4% used [0x00000006c0000000,0x00000006c036dd70,0x00000006c5580000)
 Metaspace       used 5845K, capacity 6896K, committed 7040K, reserved 1056768K
  class space    used 578K, capacity 616K, committed 640K, reserved 1048576K
Event: 2.320 GC heap after
Heap after GC invocations=2 (full 0):
 PSYoungGen      total 38400K, used 5090K [0x000000076ab00000, 0x000000076d580000, 0x00000007c0000000)
  eden space 33280K, 0% used [0x000000076ab00000,0x000000076ab00000,0x000000076cb80000)
  from space 5120K, 99% used [0x000000076d080000,0x000000076d578910,0x000000076d580000)
  to   space 5120K, 0% used [0x000000076cb80000,0x000000076cb80000,0x000000076d080000)
 ParOldGen       total 87552K, used 18099K [0x00000006c0000000, 0x00000006c5580000, 0x000000076ab00000)
  object space 87552K, 20% used [0x00000006c0000000,0x00000006c11acef0,0x00000006c5580000)
 Metaspace       used 5845K, capacity 6896K, committed 7040K, reserved 1056768K
  class space    used 578K, capacity 616K, committed 640K, reserved 1048576K
}

Deoptimization events (10 events):
Event: 0.759 Thread 0x000000001d8a9000 Uncommon trap: reason=class_check action=maybe_recompile pc=0x0000000002b16f30 method=com.android.dx.ssa.NormalSsaInsn.accept(Lcom/android/dx/ssa/SsaInsn$Visitor;)V @ 9
Event: 0.908 Thread 0x000000001d8df800 Uncommon trap: reason=null_check action=make_not_entrant pc=0x0000000002b7cfb0 method=com.android.dx.rop.type.Type.equals(Ljava/lang/Object;)Z @ 8
Event: 0.915 Thread 0x000000000041e800 Uncommon trap: reason=unstable_if action=reinterpret pc=0x0000000002a8edc8 method=java.lang.String.<init>([CII)V @ 18
Event: 0.932 Thread 0x000000001d8df800 Uncommon trap: reason=bimorphic action=maybe_recompile pc=0x0000000002b05194 method=java.util.HashMap.getNode(ILjava/lang/Object;)Ljava/util/HashMap$Node; @ 126
Event: 0.932 Thread 0x000000001d8df800 Uncommon trap: reason=bimorphic action=maybe_recompile pc=0x0000000002b05194 method=java.util.HashMap.getNode(ILjava/lang/Object;)Ljava/util/HashMap$Node; @ 126
Event: 0.932 Thread 0x000000001d8df800 Uncommon trap: reason=bimorphic action=maybe_recompile pc=0x0000000002b47790 method=java.util.HashMap.getNode(ILjava/lang/Object;)Ljava/util/HashMap$Node; @ 126
Event: 0.933 Thread 0x000000001d8df800 Uncommon trap: reason=class_check action=maybe_recompile pc=0x0000000002bed834 method=com.android.dx.ssa.NormalSsaInsn.accept(Lcom/android/dx/ssa/SsaInsn$Visitor;)V @ 9
Event: 1.761 Thread 0x000000001d890800 Uncommon trap: reason=unstable_if action=reinterpret pc=0x0000000002cedf84 method=com.android.dx.cf.code.BytecodeArray.parseInstruction(ILcom/android/dx/cf/code/BytecodeArray$Visitor;)I @ 1198
Event: 1.899 Thread 0x000000000041e800 Uncommon trap: reason=unstable_if action=reinterpret pc=0x0000000002cfee10 method=com.android.dx.ssa.SsaRenamer$BlockRenamer.addMapping(ILcom/android/dx/rop/code/RegisterSpec;)V @ 120
Event: 1.899 Thread 0x000000000041e800 Uncommon trap: reason=unstable_if action=reinterpret pc=0x0000000002b8e234 method=com.android.dx.ssa.SsaRenamer$BlockRenamer.addMapping(ILcom/android/dx/rop/code/RegisterSpec;)V @ 120

Classes redefined (0 events):
No events

Internal exceptions (3 events):
Event: 0.051 Thread 0x000000000041e800 Exception <a 'java/lang/NoSuchMethodError': Method sun.misc.Unsafe.defineClass(Ljava/lang/String;[BII)Ljava/lang/Class; name or signature does not match> (0x000000076ab07ca8) thrown at [D:\src\AOSP-openjdk-cygwin\jdk8u\hotspot\src\share\vm\prims\jni.cpp, 
Event: 0.051 Thread 0x000000000041e800 Exception <a 'java/lang/NoSuchMethodError': Method sun.misc.Unsafe.prefetchRead(Ljava/lang/Object;J)V name or signature does not match> (0x000000076ab07f90) thrown at [D:\src\AOSP-openjdk-cygwin\jdk8u\hotspot\src\share\vm\prims\jni.cpp, line 4011]
Event: 0.908 Thread 0x000000001d8df800 Implicit null exception at 0x0000000002b7cea2 to 0x0000000002b7cfa2

Events (10 events):
Event: 1.895 Thread 0x000000001d890800 DEOPT PACKING pc=0x0000000002cbbfa4 sp=0x000000001f69edb0
Event: 1.895 Thread 0x000000001d890800 DEOPT UNPACKING pc=0x00000000029575bf sp=0x000000001f69ead8 mode 0
Event: 1.899 Thread 0x000000000041e800 Uncommon trap: trap_request=0xffffff65 fr.pc=0x0000000002cfee10
Event: 1.899 Thread 0x000000000041e800 DEOPT PACKING pc=0x0000000002cfee10 sp=0x000000000290e170
Event: 1.899 Thread 0x000000000041e800 DEOPT UNPACKING pc=0x000000000295556a sp=0x000000000290e090 mode 2
Event: 1.899 Thread 0x000000000041e800 Uncommon trap: trap_request=0xffffff65 fr.pc=0x0000000002b8e234
Event: 1.899 Thread 0x000000000041e800 DEOPT PACKING pc=0x0000000002b8e234 sp=0x000000000290e0d0
Event: 1.899 Thread 0x000000000041e800 DEOPT UNPACKING pc=0x000000000295556a sp=0x000000000290e078 mode 2
Event: 1.905 Executing VM operation: ParallelGCFailedAllocation
Event: 2.320 Executing VM operation: ParallelGCFailedAllocation done


Dynamic libraries:
0x000000013f1a0000 - 0x000000013f1d1000 	D:\AS3.0\jre\bin\java.exe
0x0000000077370000 - 0x0000000077519000 	C:\Windows\SYSTEM32\ntdll.dll
0x0000000077150000 - 0x000000007726f000 	C:\Windows\system32\kernel32.dll
0x000007fefd350000 - 0x000007fefd3bc000 	C:\Windows\system32\KERNELBASE.dll
0x000007feff230000 - 0x000007feff30b000 	C:\Windows\system32\ADVAPI32.dll
0x000007feff560000 - 0x000007feff5ff000 	C:\Windows\system32\msvcrt.dll
0x000007fefd900000 - 0x000007fefd91f000 	C:\Windows\SYSTEM32\sechost.dll
0x000007feff310000 - 0x000007feff43d000 	C:\Windows\system32\RPCRT4.dll
0x0000000077270000 - 0x000000007736a000 	C:\Windows\system32\USER32.dll
0x000007fefe8c0000 - 0x000007fefe927000 	C:\Windows\system32\GDI32.dll
0x000007feff4a0000 - 0x000007feff4ae000 	C:\Windows\system32\LPK.dll
0x000007fefe930000 - 0x000007fefe9f9000 	C:\Windows\system32\USP10.dll
0x000007fefb770000 - 0x000007fefb964000 	C:\Windows\WinSxS\amd64_microsoft.windows.common-controls_6595b64144ccf1df_6.0.7601.17514_none_fa396087175ac9ac\COMCTL32.dll
0x000007fefea00000 - 0x000007fefea71000 	C:\Windows\system32\SHLWAPI.dll
0x000007fefd620000 - 0x000007fefd64e000 	C:\Windows\system32\IMM32.DLL
0x000007fefed90000 - 0x000007fefee99000 	C:\Windows\system32\MSCTF.dll
0x0000000073710000 - 0x00000000737e2000 	D:\AS3.0\jre\jre\bin\msvcr100.dll
0x00000000737f0000 - 0x000000007402e000 	D:\AS3.0\jre\jre\bin\server\jvm.dll
0x000007fef6ee0000 - 0x000007fef6ee9000 	C:\Windows\system32\WSOCK32.dll
0x000007feff1e0000 - 0x000007feff22d000 	C:\Windows\system32\WS2_32.dll
0x000007feff550000 - 0x000007feff558000 	C:\Windows\system32\NSI.dll
0x000007fef9bc0000 - 0x000007fef9bfb000 	C:\Windows\system32\WINMM.dll
0x000007fefc090000 - 0x000007fefc09c000 	C:\Windows\system32\VERSION.dll
0x0000000077540000 - 0x0000000077547000 	C:\Windows\system32\PSAPI.DLL
0x000007fef6ed0000 - 0x000007fef6edf000 	D:\AS3.0\jre\jre\bin\verify.dll
0x000007fef6ea0000 - 0x000007fef6ec9000 	D:\AS3.0\jre\jre\bin\java.dll
0x000007fef6e80000 - 0x000007fef6e96000 	D:\AS3.0\jre\jre\bin\zip.dll
0x000007fefdb30000 - 0x000007fefe8b8000 	C:\Windows\system32\SHELL32.dll
0x000007fefd920000 - 0x000007fefdb23000 	C:\Windows\system32\ole32.dll
0x000007fefd1d0000 - 0x000007fefd1df000 	C:\Windows\system32\profapi.dll

VM Arguments:
jvm_args: -Djava.awt.headless=true -Xmx4g -Dfile.encoding=GBK -Duser.country=CN -Duser.language=zh -Duser.variant 
java_command: com.android.dx.command.Main --dex --force-jumbo --num-threads=4 --multi-dex --output C:\Users\Administrator\Desktop\qq\iknow-android\app\build\intermediates\transforms\dex\debug\folders\1000\5\slice_1 C:\Users\Administrator\Desktop\qq\iknow-android\app\build\intermediates\transforms\instantRunSlicer\debug\folders\1\5\slice_1
java_class_path (initial): C:\Users\Administrator\AppData\Local\Android\Sdk\build-tools\25.0.2\lib\dx.jar
Launcher Type: SUN_STANDARD

Environment Variables:
JAVA_HOME=C:\Program Files\Java\jdk1.8.0_171
CLASSPATH=.;C:\Program Files\Java\jdk1.8.0_171\lib;C:\Program Files\Java\jdk1.8.0_171\lib\tools.jar
PATH=C:\ProgramData\Oracle\Java\javapath;C:\Program Files (x86)\Common Files\Oracle\Java\javapath;C:\Windows\system32;C:\Windows;C:\Windows\System32\Wbem;C:\Windows\System32\WindowsPowerShell\v1.0\;C:\Program Files (x86)\Windows Kits\10\Windows Performance Toolkit\;D:\apache-maven-3.5.3\bin;C:\Program Files\TortoiseSVN\bin;C:\Program Files\Java\jdk1.8.0_171\bin;C:\Program Files\Java\jdk1.8.0_171\jre\bin
USERNAME=Administrator
OS=Windows_NT
PROCESSOR_IDENTIFIER=Intel64 Family 6 Model 158 Stepping 9, GenuineIntel



---------------  S Y S T E M  ---------------

OS: Windows 7 , 64 bit Build 7601 (6.1.7601.18409)

CPU:total 8 (initial active 8) (4 cores per cpu, 2 threads per core) family 6 model 158 stepping 9, cmov, cx8, fxsr, mmx, sse, sse2, sse3, ssse3, sse4.1, sse4.2, popcnt, avx, avx2, aes, clmul, erms, rtm, 3dnowpref, lzcnt, ht, tsc, tscinvbit, bmi1, bmi2, adx

Memory: 4k page, physical 8352760k(1338128k free), swap 8350896k(393428k free)

vm_info: OpenJDK 64-Bit Server VM (25.152-b01) for windows-amd64 JRE (1.8.0_152-release-915-b01), built by "builder" with MS VC++ 10.0 (VS2010)

time: Tue Jun 05 18:46:02 2018
elapsed time: 2 seconds (0d 0h 0m 2s)

