#
# There is insufficient memory for the Java Runtime Environment to continue.
# Native memory allocation (malloc) failed to allocate 370496 bytes for Chunk::new
# Possible reasons:
#   The system is out of physical RAM or swap space
#   In 32 bit mode, the process size limit was hit
# Possible solutions:
#   Reduce memory load on the system
#   Increase physical memory or swap space
#   Check if swap backing store is full
#   Use 64 bit Java on a 64 bit OS
#   Decrease Java heap size (-Xmx/-Xms)
#   Decrease number of Java threads
#   Decrease Java thread stack sizes (-Xss)
#   Set larger code cache with -XX:ReservedCodeCacheSize=
# This output file may be truncated or incomplete.
#
#  Out of Memory Error (allocation.cpp:390), pid=6304, tid=0x0000000000000bd8
#
# JRE version: OpenJDK Runtime Environment (8.0_152-b01) (build 1.8.0_152-release-915-b01)
# Java VM: OpenJDK 64-Bit Server VM (25.152-b01 mixed mode windows-amd64 compressed oops)
# Failed to write core dump. Minidumps are not enabled by default on client versions of Windows
#

---------------  T H R E A D  ---------------

Current thread (0x000000001d673000):  JavaThread "C2 CompilerThread0" daemon [_thread_in_native, id=3032, stack(0x000000001ea80000,0x000000001eb80000)]

Stack: [0x000000001ea80000,0x000000001eb80000]
[error occurred during error reporting (printing stack bounds), id 0xc0000005]

Native frames: (J=compiled Java code, j=interpreted, Vv=VM code, C=native code)


Current CompileTask:
C2:   6845 1805       4       com.android.dx.ssa.ConstCollector::getConstsSortedByCountUse (386 bytes)


---------------  P R O C E S S  ---------------

Java Threads: ( => current thread )
  0x000000001d8f9000 JavaThread "pool-2-thread-4" [_thread_blocked, id=6436, stack(0x000000001faf0000,0x000000001fbf0000)]
  0x000000001d84e800 JavaThread "pool-2-thread-3" [_thread_blocked, id=1372, stack(0x000000001f890000,0x000000001f990000)]
  0x000000001d844800 JavaThread "pool-2-thread-2" [_thread_blocked, id=3760, stack(0x000000001f790000,0x000000001f890000)]
  0x000000001d837000 JavaThread "pool-3-thread-1" [_thread_blocked, id=5264, stack(0x000000001f690000,0x000000001f790000)]
  0x000000001d834000 JavaThread "pool-2-thread-1" [_thread_blocked, id=5364, stack(0x000000001f1d0000,0x000000001f2d0000)]
  0x000000001d711000 JavaThread "Service Thread" daemon [_thread_blocked, id=1136, stack(0x000000001f340000,0x000000001f440000)]
  0x000000001d68d000 JavaThread "C1 CompilerThread3" daemon [_thread_blocked, id=2568, stack(0x000000001ecb0000,0x000000001edb0000)]
  0x000000001d68a000 JavaThread "C2 CompilerThread2" daemon [_thread_in_native, id=6916, stack(0x000000001f050000,0x000000001f150000)]
  0x000000001d67b000 JavaThread "C2 CompilerThread1" daemon [_thread_in_native, id=4228, stack(0x000000001ee60000,0x000000001ef60000)]
=>0x000000001d673000 JavaThread "C2 CompilerThread0" daemon [_thread_in_native, id=3032, stack(0x000000001ea80000,0x000000001eb80000)]
  0x000000001d65e800 JavaThread "Attach Listener" daemon [_thread_blocked, id=4304, stack(0x000000001e7d0000,0x000000001e8d0000)]
  0x000000001d65d800 JavaThread "Signal Dispatcher" daemon [_thread_blocked, id=3528, stack(0x000000001eb80000,0x000000001ec80000)]
  0x000000001c486800 JavaThread "Finalizer" daemon [_thread_blocked, id=4368, stack(0x000000001e8f0000,0x000000001e9f0000)]
  0x000000001c485000 JavaThread "Reference Handler" daemon [_thread_blocked, id=4236, stack(0x000000001e570000,0x000000001e670000)]
  0x000000000028e800 JavaThread "main" [_thread_blocked, id=4364, stack(0x0000000002760000,0x0000000002860000)]

Other Threads:
  0x000000001d601800 VMThread [stack: 0x000000001e6c0000,0x000000001e7c0000] [id=5112]
  0x000000001d6eb800 WatcherThread [stack: 0x000000001f510000,0x000000001f610000] [id=5708]

VM state:not at safepoint (normal execution)

VM Mutex/Monitor currently owned by a thread: None

Heap:
 PSYoungGen      total 71680K, used 10856K [0x000000076ab00000, 0x000000076f600000, 0x00000007c0000000)
  eden space 66560K, 8% used [0x000000076ab00000,0x000000076b09e040,0x000000076ec00000)
  from space 5120K, 99% used [0x000000076ec00000,0x000000076f0fc218,0x000000076f100000)
  to   space 5120K, 0% used [0x000000076f100000,0x000000076f100000,0x000000076f600000)
 ParOldGen       total 87552K, used 16188K [0x00000006c0000000, 0x00000006c5580000, 0x000000076ab00000)
  object space 87552K, 18% used [0x00000006c0000000,0x00000006c0fcf248,0x00000006c5580000)
 Metaspace       used 6098K, capacity 7088K, committed 7296K, reserved 1056768K
  class space    used 573K, capacity 616K, committed 640K, reserved 1048576K

Card table byte_map: [0x0000000011c20000,0x0000000012430000] byte_map_base: 0x000000000e620000

Marking Bits: (ParMarkBitMap*) 0x0000000073fb3950
 Begin Bits: [0x00000000132a0000, 0x00000000172a0000)
 End Bits:   [0x00000000172a0000, 0x000000001b2a0000)

Polling page: 0x0000000000240000

CodeCache: size=245760Kb used=8573Kb max_used=8589Kb free=237186Kb
 bounds [0x0000000002860000, 0x00000000030d0000, 0x0000000011860000]
 total_blobs=2070 nmethods=1806 adapters=177
 compilation: enabled

Compilation events (10 events):
Event: 6.809 Thread 0x000000001d673000 1805       4       com.android.dx.ssa.ConstCollector::getConstsSortedByCountUse (386 bytes)
Event: 6.809 Thread 0x000000001d68d000 nmethod 1807 0x00000000030b89d0 code [0x00000000030b8b20, 0x00000000030b8c70]
Event: 6.816 Thread 0x000000001d67b000 nmethod 1800 0x00000000030b8490 code [0x00000000030b85e0, 0x00000000030b8758]
Event: 6.816 Thread 0x000000001d67b000 1808       4       com.android.dx.ssa.back.SsaToRop::removePhiFunctions (83 bytes)
Event: 6.816 Thread 0x000000001d68a000 nmethod 1802 0x00000000030c6010 code [0x00000000030c6220, 0x00000000030c6fb0]
Event: 6.817 Thread 0x000000001d68a000 1809       4       com.android.dx.ssa.back.IdenticalBlockCombiner::process (323 bytes)
Event: 6.835 Thread 0x000000001d68d000 1811       3       com.android.dx.rop.cst.CstArray$List::set (7 bytes)
Event: 6.835 Thread 0x000000001d68d000 nmethod 1811 0x00000000030b9d10 code [0x00000000030b9ee0, 0x00000000030ba6e8]
Event: 6.842 Thread 0x000000001d67b000 nmethod 1808 0x00000000030ca810 code [0x00000000030caa00, 0x00000000030cbd18]
Event: 6.842 Thread 0x000000001d67b000 1812       4       com.android.dx.ssa.SCCP::run (298 bytes)

GC Heap History (6 events):
Event: 2.697 GC heap before
{Heap before GC invocations=1 (full 0):
 PSYoungGen      total 38400K, used 33280K [0x000000076ab00000, 0x000000076d580000, 0x00000007c0000000)
  eden space 33280K, 100% used [0x000000076ab00000,0x000000076cb80000,0x000000076cb80000)
  from space 5120K, 0% used [0x000000076d080000,0x000000076d080000,0x000000076d580000)
  to   space 5120K, 0% used [0x000000076cb80000,0x000000076cb80000,0x000000076d080000)
 ParOldGen       total 87552K, used 0K [0x00000006c0000000, 0x00000006c5580000, 0x000000076ab00000)
  object space 87552K, 0% used [0x00000006c0000000,0x00000006c0000000,0x00000006c5580000)
 Metaspace       used 5851K, capacity 6896K, committed 7040K, reserved 1056768K
  class space    used 572K, capacity 616K, committed 640K, reserved 1048576K
Event: 2.881 GC heap after
Heap after GC invocations=1 (full 0):
 PSYoungGen      total 38400K, used 5104K [0x000000076ab00000, 0x000000076f600000, 0x00000007c0000000)
  eden space 33280K, 0% used [0x000000076ab00000,0x000000076ab00000,0x000000076cb80000)
  from space 5120K, 99% used [0x000000076cb80000,0x000000076d07c228,0x000000076d080000)
  to   space 5120K, 0% used [0x000000076f100000,0x000000076f100000,0x000000076f600000)
 ParOldGen       total 87552K, used 1650K [0x00000006c0000000, 0x00000006c5580000, 0x000000076ab00000)
  object space 87552K, 1% used [0x00000006c0000000,0x00000006c019cb88,0x00000006c5580000)
 Metaspace       used 5851K, capacity 6896K, committed 7040K, reserved 1056768K
  class space    used 572K, capacity 616K, committed 640K, reserved 1048576K
}
Event: 4.359 GC heap before
{Heap before GC invocations=2 (full 0):
 PSYoungGen      total 38400K, used 38384K [0x000000076ab00000, 0x000000076f600000, 0x00000007c0000000)
  eden space 33280K, 100% used [0x000000076ab00000,0x000000076cb80000,0x000000076cb80000)
  from space 5120K, 99% used [0x000000076cb80000,0x000000076d07c228,0x000000076d080000)
  to   space 5120K, 0% used [0x000000076f100000,0x000000076f100000,0x000000076f600000)
 ParOldGen       total 87552K, used 1650K [0x00000006c0000000, 0x00000006c5580000, 0x000000076ab00000)
  object space 87552K, 1% used [0x00000006c0000000,0x00000006c019cb88,0x00000006c5580000)
 Metaspace       used 6004K, capacity 7024K, committed 7296K, reserved 1056768K
  class space    used 572K, capacity 616K, committed 640K, reserved 1048576K
Event: 4.523 GC heap after
Heap after GC invocations=2 (full 0):
 PSYoungGen      total 71680K, used 5104K [0x000000076ab00000, 0x000000076f600000, 0x00000007c0000000)
  eden space 66560K, 0% used [0x000000076ab00000,0x000000076ab00000,0x000000076ec00000)
  from space 5120K, 99% used [0x000000076f100000,0x000000076f5fc238,0x000000076f600000)
  to   space 5120K, 0% used [0x000000076ec00000,0x000000076ec00000,0x000000076f100000)
 ParOldGen       total 87552K, used 6431K [0x00000006c0000000, 0x00000006c5580000, 0x000000076ab00000)
  object space 87552K, 7% used [0x00000006c0000000,0x00000006c0647c00,0x00000006c5580000)
 Metaspace       used 6004K, capacity 7024K, committed 7296K, reserved 1056768K
  class space    used 572K, capacity 616K, committed 640K, reserved 1048576K
}
Event: 6.480 GC heap before
{Heap before GC invocations=3 (full 0):
 PSYoungGen      total 71680K, used 71664K [0x000000076ab00000, 0x000000076f600000, 0x00000007c0000000)
  eden space 66560K, 100% used [0x000000076ab00000,0x000000076ec00000,0x000000076ec00000)
  from space 5120K, 99% used [0x000000076f100000,0x000000076f5fc238,0x000000076f600000)
  to   space 5120K, 0% used [0x000000076ec00000,0x000000076ec00000,0x000000076f100000)
 ParOldGen       total 87552K, used 6431K [0x00000006c0000000, 0x00000006c5580000, 0x000000076ab00000)
  object space 87552K, 7% used [0x00000006c0000000,0x00000006c0647c00,0x00000006c5580000)
 Metaspace       used 6097K, capacity 7088K, committed 7296K, reserved 1056768K
  class space    used 573K, capacity 616K, committed 640K, reserved 1048576K
Event: 6.803 GC heap after
Heap after GC invocations=3 (full 0):
 PSYoungGen      total 71680K, used 5104K [0x000000076ab00000, 0x000000076f600000, 0x00000007c0000000)
  eden space 66560K, 0% used [0x000000076ab00000,0x000000076ab00000,0x000000076ec00000)
  from space 5120K, 99% used [0x000000076ec00000,0x000000076f0fc218,0x000000076f100000)
  to   space 5120K, 0% used [0x000000076f100000,0x000000076f100000,0x000000076f600000)
 ParOldGen       total 87552K, used 16188K [0x00000006c0000000, 0x00000006c5580000, 0x000000076ab00000)
  object space 87552K, 18% used [0x00000006c0000000,0x00000006c0fcf248,0x00000006c5580000)
 Metaspace       used 6097K, capacity 7088K, committed 7296K, reserved 1056768K
  class space    used 573K, capacity 616K, committed 640K, reserved 1048576K
}

Deoptimization events (10 events):
Event: 2.985 Thread 0x000000001d8f9000 Uncommon trap: reason=bimorphic action=maybe_recompile pc=0x0000000002be8c28 method=java.util.HashMap.putVal(ILjava/lang/Object;Ljava/lang/Object;ZZ)Ljava/lang/Object; @ 91
Event: 4.713 Thread 0x000000001d8f9000 Uncommon trap: reason=bimorphic action=maybe_recompile pc=0x0000000002be8c28 method=java.util.HashMap.putVal(ILjava/lang/Object;Ljava/lang/Object;ZZ)Ljava/lang/Object; @ 91
Event: 4.714 Thread 0x000000001d8f9000 Uncommon trap: reason=bimorphic action=maybe_recompile pc=0x0000000002be8c28 method=java.util.HashMap.putVal(ILjava/lang/Object;Ljava/lang/Object;ZZ)Ljava/lang/Object; @ 91
Event: 5.784 Thread 0x000000001d834000 Uncommon trap: reason=class_check action=maybe_recompile pc=0x0000000002e8adcc method=com.android.dx.cf.code.RopperMachine.run(Lcom/android/dx/cf/code/Frame;II)V @ 1024
Event: 6.174 Thread 0x000000001d8f9000 Uncommon trap: reason=unstable_if action=reinterpret pc=0x0000000002ebb6e0 method=com.android.dx.ssa.SCCP.simulateBranch(Lcom/android/dx/ssa/SsaInsn;)V @ 64
Event: 6.175 Thread 0x000000001d8f9000 Uncommon trap: reason=class_check action=maybe_recompile pc=0x0000000002d19e30 method=com.android.dx.ssa.NormalSsaInsn.accept(Lcom/android/dx/ssa/SsaInsn$Visitor;)V @ 9
Event: 6.264 Thread 0x000000001d844800 Uncommon trap: reason=uninitialized action=reinterpret pc=0x0000000002df4c1c method=com.android.dx.cf.code.BytecodeArray.parseInstruction(ILcom/android/dx/cf/code/BytecodeArray$Visitor;)I @ 1031
Event: 6.264 Thread 0x000000001d844800 Uncommon trap: reason=class_check action=maybe_recompile pc=0x0000000002e53e54 method=com.android.dx.rop.cst.CstLiteral32.equals(Ljava/lang/Object;)Z @ 20
Event: 6.264 Thread 0x000000001d844800 Uncommon trap: reason=class_check action=maybe_recompile pc=0x0000000002e53e54 method=com.android.dx.rop.cst.CstLiteral32.equals(Ljava/lang/Object;)Z @ 20
Event: 6.265 Thread 0x000000001d844800 Uncommon trap: reason=bimorphic action=maybe_recompile pc=0x0000000002be8c28 method=java.util.HashMap.putVal(ILjava/lang/Object;Ljava/lang/Object;ZZ)Ljava/lang/Object; @ 91

Classes redefined (0 events):
No events

Internal exceptions (3 events):
Event: 0.106 Thread 0x000000000028e800 Exception <a 'java/lang/NoSuchMethodError': Method sun.misc.Unsafe.defineClass(Ljava/lang/String;[BII)Ljava/lang/Class; name or signature does not match> (0x000000076ab07ca8) thrown at [D:\src\AOSP-openjdk-cygwin\jdk8u\hotspot\src\share\vm\prims\jni.cpp, 
Event: 0.106 Thread 0x000000000028e800 Exception <a 'java/lang/NoSuchMethodError': Method sun.misc.Unsafe.prefetchRead(Ljava/lang/Object;J)V name or signature does not match> (0x000000076ab07f90) thrown at [D:\src\AOSP-openjdk-cygwin\jdk8u\hotspot\src\share\vm\prims\jni.cpp, line 4011]
Event: 1.741 Thread 0x000000001d834000 Implicit null exception at 0x0000000002a78fe2 to 0x0000000002a790f1

Events (10 events):
Event: 6.315 Thread 0x000000001d84e800 DEOPT PACKING pc=0x0000000002db03d7 sp=0x000000001f98ea30
Event: 6.315 Thread 0x000000001d84e800 DEOPT UNPACKING pc=0x00000000028a75bf sp=0x000000001f98e818 mode 0
Event: 6.325 loading class com/android/dx/cf/iface/ParseObserver
Event: 6.325 loading class com/android/dx/cf/iface/ParseObserver done
Event: 6.480 Executing VM operation: ParallelGCFailedAllocation
Event: 6.803 Executing VM operation: ParallelGCFailedAllocation done
Event: 6.816 Thread 0x000000001d834000 DEOPT PACKING pc=0x0000000002d815c0 sp=0x000000001f2ce910
Event: 6.816 Thread 0x000000001d834000 DEOPT UNPACKING pc=0x00000000028a75bf sp=0x000000001f2ce670 mode 0
Event: 6.833 Thread 0x000000001d8f9000 DEOPT PACKING pc=0x0000000002da7941 sp=0x000000001fbee820
Event: 6.833 Thread 0x000000001d8f9000 DEOPT UNPACKING pc=0x00000000028a75bf sp=0x000000001fbee5b0 mode 0


Dynamic libraries:
0x000000013f1a0000 - 0x000000013f1d1000 	D:\AS3.0\jre\bin\java.exe
0x0000000077370000 - 0x0000000077519000 	C:\Windows\SYSTEM32\ntdll.dll
0x0000000077150000 - 0x000000007726f000 	C:\Windows\system32\kernel32.dll
0x000007fefd350000 - 0x000007fefd3bc000 	C:\Windows\system32\KERNELBASE.dll
0x000007feff230000 - 0x000007feff30b000 	C:\Windows\system32\ADVAPI32.dll
0x000007feff560000 - 0x000007feff5ff000 	C:\Windows\system32\msvcrt.dll
0x000007fefd900000 - 0x000007fefd91f000 	C:\Windows\SYSTEM32\sechost.dll
0x000007feff310000 - 0x000007feff43d000 	C:\Windows\system32\RPCRT4.dll
0x0000000077270000 - 0x000000007736a000 	C:\Windows\system32\USER32.dll
0x000007fefe8c0000 - 0x000007fefe927000 	C:\Windows\system32\GDI32.dll
0x000007feff4a0000 - 0x000007feff4ae000 	C:\Windows\system32\LPK.dll
0x000007fefe930000 - 0x000007fefe9f9000 	C:\Windows\system32\USP10.dll
0x000007fefb770000 - 0x000007fefb964000 	C:\Windows\WinSxS\amd64_microsoft.windows.common-controls_6595b64144ccf1df_6.0.7601.17514_none_fa396087175ac9ac\COMCTL32.dll
0x000007fefea00000 - 0x000007fefea71000 	C:\Windows\system32\SHLWAPI.dll
0x000007fefd620000 - 0x000007fefd64e000 	C:\Windows\system32\IMM32.DLL
0x000007fefed90000 - 0x000007fefee99000 	C:\Windows\system32\MSCTF.dll
0x0000000073710000 - 0x00000000737e2000 	D:\AS3.0\jre\jre\bin\msvcr100.dll
0x00000000737f0000 - 0x000000007402e000 	D:\AS3.0\jre\jre\bin\server\jvm.dll
0x000007fef6ee0000 - 0x000007fef6ee9000 	C:\Windows\system32\WSOCK32.dll
0x000007feff1e0000 - 0x000007feff22d000 	C:\Windows\system32\WS2_32.dll
0x000007feff550000 - 0x000007feff558000 	C:\Windows\system32\NSI.dll
0x000007fef9bc0000 - 0x000007fef9bfb000 	C:\Windows\system32\WINMM.dll
0x000007fefc090000 - 0x000007fefc09c000 	C:\Windows\system32\VERSION.dll
0x0000000077540000 - 0x0000000077547000 	C:\Windows\system32\PSAPI.DLL
0x000007fef6ed0000 - 0x000007fef6edf000 	D:\AS3.0\jre\jre\bin\verify.dll
0x000007fef6ea0000 - 0x000007fef6ec9000 	D:\AS3.0\jre\jre\bin\java.dll
0x000007fef6e80000 - 0x000007fef6e96000 	D:\AS3.0\jre\jre\bin\zip.dll
0x000007fefdb30000 - 0x000007fefe8b8000 	C:\Windows\system32\SHELL32.dll
0x000007fefd920000 - 0x000007fefdb23000 	C:\Windows\system32\ole32.dll
0x000007fefd1d0000 - 0x000007fefd1df000 	C:\Windows\system32\profapi.dll

VM Arguments:
jvm_args: -Djava.awt.headless=true -Xmx4g -Dfile.encoding=GBK -Duser.country=CN -Duser.language=zh -Duser.variant 
java_command: com.android.dx.command.Main --dex --force-jumbo --num-threads=4 --multi-dex --output C:\Users\Administrator\Desktop\qq\iknow-android\app\build\intermediates\transforms\dex\debug\folders\1000\5\slice_0 C:\Users\Administrator\Desktop\qq\iknow-android\app\build\intermediates\transforms\instantRunSlicer\debug\folders\1\5\slice_0
java_class_path (initial): C:\Users\Administrator\AppData\Local\Android\Sdk\build-tools\25.0.2\lib\dx.jar
Launcher Type: SUN_STANDARD

Environment Variables:
JAVA_HOME=C:\Program Files\Java\jdk1.8.0_171
CLASSPATH=.;C:\Program Files\Java\jdk1.8.0_171\lib;C:\Program Files\Java\jdk1.8.0_171\lib\tools.jar
PATH=C:\ProgramData\Oracle\Java\javapath;C:\Program Files (x86)\Common Files\Oracle\Java\javapath;C:\Windows\system32;C:\Windows;C:\Windows\System32\Wbem;C:\Windows\System32\WindowsPowerShell\v1.0\;C:\Program Files (x86)\Windows Kits\10\Windows Performance Toolkit\;D:\apache-maven-3.5.3\bin;C:\Program Files\TortoiseSVN\bin;C:\Program Files\Java\jdk1.8.0_171\bin;C:\Program Files\Java\jdk1.8.0_171\jre\bin
USERNAME=Administrator
OS=Windows_NT
PROCESSOR_IDENTIFIER=Intel64 Family 6 Model 158 Stepping 9, GenuineIntel



---------------  S Y S T E M  ---------------

OS: Windows 7 , 64 bit Build 7601 (6.1.7601.18409)

CPU:total 8 (initial active 8) (4 cores per cpu, 2 threads per core) family 6 model 158 stepping 9, cmov, cx8, fxsr, mmx, sse, sse2, sse3, ssse3, sse4.1, sse4.2, popcnt, avx, avx2, aes, clmul, erms, rtm, 3dnowpref, lzcnt, ht, tsc, tscinvbit, bmi1, bmi2, adx

Memory: 4k page, physical 8352760k(1179204k free), swap 8350896k(3396k free)

vm_info: OpenJDK 64-Bit Server VM (25.152-b01) for windows-amd64 JRE (1.8.0_152-release-915-b01), built by "builder" with MS VC++ 10.0 (VS2010)

time: Tue Jun 05 18:42:57 2018
elapsed time: 6 seconds (0d 0h 0m 6s)

