#
# There is insufficient memory for the Java Runtime Environment to continue.
# Native memory allocation (malloc) failed to allocate 65552 bytes for Chunk::new
# Possible reasons:
#   The system is out of physical RAM or swap space
#   In 32 bit mode, the process size limit was hit
# Possible solutions:
#   Reduce memory load on the system
#   Increase physical memory or swap space
#   Check if swap backing store is full
#   Use 64 bit Java on a 64 bit OS
#   Decrease Java heap size (-Xmx/-Xms)
#   Decrease number of Java threads
#   Decrease Java thread stack sizes (-Xss)
#   Set larger code cache with -XX:ReservedCodeCacheSize=
# This output file may be truncated or incomplete.
#
#  Out of Memory Error (allocation.cpp:390), pid=6536, tid=0x00000000000017a0
#
# JRE version: OpenJDK Runtime Environment (8.0_152-b01) (build 1.8.0_152-release-915-b01)
# Java VM: OpenJDK 64-Bit Server VM (25.152-b01 mixed mode windows-amd64 compressed oops)
# Failed to write core dump. Minidumps are not enabled by default on client versions of Windows
#

---------------  T H R E A D  ---------------

Current thread (0x000000001d73a000):  JavaThread "C2 CompilerThread2" daemon [_thread_in_native, id=6048, stack(0x000000001f040000,0x000000001f140000)]

Stack: [0x000000001f040000,0x000000001f140000]
[error occurred during error reporting (printing stack bounds), id 0xc0000005]

Native frames: (J=compiled Java code, j=interpreted, Vv=VM code, C=native code)


Current CompileTask:
C2:   2406  956   !   4       com.android.dx.cf.cst.ConstantPoolParser::parse0 (731 bytes)


---------------  P R O C E S S  ---------------

Java Threads: ( => current thread )
  0x000000001d8f4000 JavaThread "pool-2-thread-4" [_thread_in_Java, id=7660, stack(0x000000001fa70000,0x000000001fb70000)]
  0x000000001d8f1000 JavaThread "pool-2-thread-3" [_thread_blocked, id=7552, stack(0x000000001f580000,0x000000001f680000)]
  0x000000001d8ec800 JavaThread "pool-2-thread-2" [_thread_blocked, id=6692, stack(0x000000001f7d0000,0x000000001f8d0000)]
  0x000000001d8e1000 JavaThread "pool-3-thread-1" [_thread_blocked, id=7428, stack(0x000000001f6c0000,0x000000001f7c0000)]
  0x000000001d8e0800 JavaThread "pool-2-thread-1" [_thread_in_Java, id=7372, stack(0x000000001f420000,0x000000001f520000)]
  0x000000001d7c9000 JavaThread "Service Thread" daemon [_thread_blocked, id=8044, stack(0x000000001f160000,0x000000001f260000)]
  0x000000001d75d000 JavaThread "C1 CompilerThread3" daemon [_thread_blocked, id=8156, stack(0x000000001ee10000,0x000000001ef10000)]
=>0x000000001d73a000 JavaThread "C2 CompilerThread2" daemon [_thread_in_native, id=6048, stack(0x000000001f040000,0x000000001f140000)]
  0x000000001d72b800 JavaThread "C2 CompilerThread1" daemon [_thread_in_native, id=2888, stack(0x000000001ef30000,0x000000001f030000)]
  0x000000001d723800 JavaThread "C2 CompilerThread0" daemon [_thread_blocked, id=7848, stack(0x000000001e880000,0x000000001e980000)]
  0x000000001d70e800 JavaThread "Attach Listener" daemon [_thread_blocked, id=8020, stack(0x000000001e660000,0x000000001e760000)]
  0x000000001d70d800 JavaThread "Signal Dispatcher" daemon [_thread_blocked, id=8016, stack(0x000000001ecb0000,0x000000001edb0000)]
  0x000000001c75c000 JavaThread "Finalizer" daemon [_thread_blocked, id=7940, stack(0x000000001eae0000,0x000000001ebe0000)]
  0x000000001c755000 JavaThread "Reference Handler" daemon [_thread_blocked, id=7984, stack(0x000000001e990000,0x000000001ea90000)]
  0x000000000241e800 JavaThread "main" [_thread_in_Java, id=7784, stack(0x00000000027f0000,0x00000000028f0000)]

Other Threads:
  0x000000001d6b1800 VMThread [stack: 0x000000001e780000,0x000000001e880000] [id=7864]
  0x000000001d7a1800 WatcherThread [stack: 0x000000001f2a0000,0x000000001f3a0000] [id=8040]

VM state:not at safepoint (normal execution)

VM Mutex/Monitor currently owned by a thread: None

Heap:
 PSYoungGen      total 71680K, used 18347K [0x000000076ab00000, 0x000000076f600000, 0x00000007c0000000)
  eden space 66560K, 19% used [0x000000076ab00000,0x000000076b870120,0x000000076ec00000)
  from space 5120K, 99% used [0x000000076f100000,0x000000076f5f9368,0x000000076f600000)
  to   space 5120K, 0% used [0x000000076ec00000,0x000000076ec00000,0x000000076f100000)
 ParOldGen       total 87552K, used 8175K [0x00000006c0000000, 0x00000006c5580000, 0x000000076ab00000)
  object space 87552K, 9% used [0x00000006c0000000,0x00000006c07fbe58,0x00000006c5580000)
 Metaspace       used 5911K, capacity 6960K, committed 7040K, reserved 1056768K
  class space    used 579K, capacity 616K, committed 640K, reserved 1048576K

Card table byte_map: [0x0000000011cb0000,0x00000000124c0000] byte_map_base: 0x000000000e6b0000

Marking Bits: (ParMarkBitMap*) 0x0000000073fb3950
 Begin Bits: [0x0000000013570000, 0x0000000017570000)
 End Bits:   [0x0000000017570000, 0x000000001b570000)

Polling page: 0x0000000000430000

CodeCache: size=245760Kb used=4332Kb max_used=4332Kb free=241427Kb
 bounds [0x00000000028f0000, 0x0000000002d30000, 0x00000000118f0000]
 total_blobs=1345 nmethods=1080 adapters=177
 compilation: disabled (not enough contiguous free space left)

Compilation events (10 events):
Event: 2.305 Thread 0x000000001d75d000 nmethod 1124 0x0000000002d204d0 code [0x0000000002d20660, 0x0000000002d209c8]
Event: 2.305 Thread 0x000000001d75d000 1121       2       com.android.dx.cf.code.BasicBlocker::getBlockList (208 bytes)
Event: 2.305 Thread 0x000000001d75d000 nmethod 1121 0x0000000002d25a90 code [0x0000000002d25c80, 0x0000000002d264e8]
Event: 2.305 Thread 0x000000001d75d000 1117       2       com.android.dx.ssa.SsaMethod::mapRegisters (87 bytes)
Event: 2.306 Thread 0x000000001d75d000 nmethod 1117 0x0000000002d1f8d0 code [0x0000000002d1fac0, 0x0000000002d20028]
Event: 2.306 Thread 0x000000001d75d000 1118       2       com.android.dx.ssa.SsaMethod::forEachBlockDepthFirst (194 bytes)
Event: 2.307 Thread 0x000000001d75d000 nmethod 1118 0x0000000002d2bc50 code [0x0000000002d2bfa0, 0x0000000002d2daa8]
Event: 2.307 Thread 0x000000001d75d000 1115       2       com.android.dx.ssa.Dominators::run (506 bytes)
Event: 2.311 Thread 0x000000001d75d000 

Event: 2.311 Thread 0x000000001d723800 


GC Heap History (4 events):
Event: 1.174 GC heap before
{Heap before GC invocations=1 (full 0):
 PSYoungGen      total 38400K, used 33280K [0x000000076ab00000, 0x000000076d580000, 0x00000007c0000000)
  eden space 33280K, 100% used [0x000000076ab00000,0x000000076cb80000,0x000000076cb80000)
  from space 5120K, 0% used [0x000000076d080000,0x000000076d080000,0x000000076d580000)
  to   space 5120K, 0% used [0x000000076cb80000,0x000000076cb80000,0x000000076d080000)
 ParOldGen       total 87552K, used 0K [0x00000006c0000000, 0x00000006c5580000, 0x000000076ab00000)
  object space 87552K, 0% used [0x00000006c0000000,0x00000006c0000000,0x00000006c5580000)
 Metaspace       used 5695K, capacity 6768K, committed 7040K, reserved 1056768K
  class space    used 570K, capacity 616K, committed 640K, reserved 1048576K
Event: 1.858 GC heap after
Heap after GC invocations=1 (full 0):
 PSYoungGen      total 38400K, used 5116K [0x000000076ab00000, 0x000000076f600000, 0x00000007c0000000)
  eden space 33280K, 0% used [0x000000076ab00000,0x000000076ab00000,0x000000076cb80000)
  from space 5120K, 99% used [0x000000076cb80000,0x000000076d07f330,0x000000076d080000)
  to   space 5120K, 0% used [0x000000076f100000,0x000000076f100000,0x000000076f600000)
 ParOldGen       total 87552K, used 2751K [0x00000006c0000000, 0x00000006c5580000, 0x000000076ab00000)
  object space 87552K, 3% used [0x00000006c0000000,0x00000006c02afc10,0x00000006c5580000)
 Metaspace       used 5695K, capacity 6768K, committed 7040K, reserved 1056768K
  class space    used 570K, capacity 616K, committed 640K, reserved 1048576K
}
Event: 2.099 GC heap before
{Heap before GC invocations=2 (full 0):
 PSYoungGen      total 38400K, used 38396K [0x000000076ab00000, 0x000000076f600000, 0x00000007c0000000)
  eden space 33280K, 100% used [0x000000076ab00000,0x000000076cb80000,0x000000076cb80000)
  from space 5120K, 99% used [0x000000076cb80000,0x000000076d07f330,0x000000076d080000)
  to   space 5120K, 0% used [0x000000076f100000,0x000000076f100000,0x000000076f600000)
 ParOldGen       total 87552K, used 2751K [0x00000006c0000000, 0x00000006c5580000, 0x000000076ab00000)
  object space 87552K, 3% used [0x00000006c0000000,0x00000006c02afc10,0x00000006c5580000)
 Metaspace       used 5841K, capacity 6896K, committed 7040K, reserved 1056768K
  class space    used 579K, capacity 616K, committed 640K, reserved 1048576K
Event: 2.282 GC heap after
Heap after GC invocations=2 (full 0):
 PSYoungGen      total 71680K, used 5092K [0x000000076ab00000, 0x000000076f600000, 0x00000007c0000000)
  eden space 66560K, 0% used [0x000000076ab00000,0x000000076ab00000,0x000000076ec00000)
  from space 5120K, 99% used [0x000000076f100000,0x000000076f5f9368,0x000000076f600000)
  to   space 5120K, 0% used [0x000000076ec00000,0x000000076ec00000,0x000000076f100000)
 ParOldGen       total 87552K, used 8175K [0x00000006c0000000, 0x00000006c5580000, 0x000000076ab00000)
  object space 87552K, 9% used [0x00000006c0000000,0x00000006c07fbe58,0x00000006c5580000)
 Metaspace       used 5841K, capacity 6896K, committed 7040K, reserved 1056768K
  class space    used 579K, capacity 616K, committed 640K, reserved 1048576K
}

Deoptimization events (10 events):
Event: 1.911 Thread 0x000000001d8e0800 Uncommon trap: reason=class_check action=maybe_recompile pc=0x0000000002b9f5b0 method=com.android.dx.rop.type.Type.equals(Ljava/lang/Object;)Z @ 8
Event: 1.911 Thread 0x000000001d8e0800 Uncommon trap: reason=unstable_if action=reinterpret pc=0x0000000002b908d4 method=com.android.dx.cf.code.Ropper.labelToResultIndex(I)I @ 34
Event: 1.911 Thread 0x000000001d8e0800 Uncommon trap: reason=unstable_if action=reinterpret pc=0x0000000002b83854 method=com.android.dx.cf.code.Ropper.labelToResultIndex(I)I @ 34
Event: 1.916 Thread 0x000000001d8e0800 Uncommon trap: reason=null_check action=make_not_entrant pc=0x0000000002c1f970 method=com.android.dx.ssa.SsaRenamer.getLocalForNewReg(I)Lcom/android/dx/rop/code/LocalItem; @ 19
Event: 1.943 Thread 0x000000001d8f4000 Uncommon trap: reason=bimorphic action=maybe_recompile pc=0x0000000002b2b238 method=java.util.HashMap.getNode(ILjava/lang/Object;)Ljava/util/HashMap$Node; @ 126
Event: 1.943 Thread 0x000000001d8f4000 Uncommon trap: reason=class_check action=maybe_recompile pc=0x0000000002be14ac method=java.util.HashMap.putVal(ILjava/lang/Object;Ljava/lang/Object;ZZ)Ljava/lang/Object; @ 203
Event: 1.963 Thread 0x000000000241e800 Uncommon trap: reason=unstable_if action=reinterpret pc=0x0000000002c0b65c method=com.android.dx.ssa.SsaMethod.updateOneDefinition(Lcom/android/dx/ssa/SsaInsn;Lcom/android/dx/rop/code/RegisterSpec;)V @ 4
Event: 1.965 Thread 0x000000001d8e0800 Uncommon trap: reason=unstable_if action=reinterpret pc=0x0000000002be51c4 method=com.android.dx.ssa.SsaRenamer$BlockRenamer.addMapping(ILcom/android/dx/rop/code/RegisterSpec;)V @ 120
Event: 2.017 Thread 0x000000001d8e0800 Uncommon trap: reason=null_check action=make_not_entrant pc=0x0000000002c55a30 method=com.android.dx.rop.type.Type.equals(Ljava/lang/Object;)Z @ 8
Event: 2.325 Thread 0x000000001d8f4000 Uncommon trap: reason=unstable_if action=reinterpret pc=0x0000000002c58750 method=com.android.dx.rop.code.RegisterSpec.withReg(I)Lcom/android/dx/rop/code/RegisterSpec; @ 5

Classes redefined (0 events):
No events

Internal exceptions (4 events):
Event: 0.184 Thread 0x000000000241e800 Exception <a 'java/lang/NoSuchMethodError': Method sun.misc.Unsafe.defineClass(Ljava/lang/String;[BII)Ljava/lang/Class; name or signature does not match> (0x000000076ab07ca8) thrown at [D:\src\AOSP-openjdk-cygwin\jdk8u\hotspot\src\share\vm\prims\jni.cpp, 
Event: 0.184 Thread 0x000000000241e800 Exception <a 'java/lang/NoSuchMethodError': Method sun.misc.Unsafe.prefetchRead(Ljava/lang/Object;J)V name or signature does not match> (0x000000076ab07f90) thrown at [D:\src\AOSP-openjdk-cygwin\jdk8u\hotspot\src\share\vm\prims\jni.cpp, line 4011]
Event: 1.916 Thread 0x000000001d8e0800 Implicit null exception at 0x0000000002c1e349 to 0x0000000002c1f93d
Event: 2.017 Thread 0x000000001d8e0800 Implicit null exception at 0x0000000002c55922 to 0x0000000002c55a22

Events (10 events):
Event: 2.017 Thread 0x000000001d8e0800 DEOPT UNPACKING pc=0x000000000293556a sp=0x000000001f51e978 mode 2
Event: 2.054 Executing VM operation: ForceSafepoint
Event: 2.054 Executing VM operation: ForceSafepoint done
Event: 2.083 Thread 0x000000000241e800 DEOPT PACKING pc=0x0000000002c8393e sp=0x00000000028ede20
Event: 2.083 Thread 0x000000000241e800 DEOPT UNPACKING pc=0x00000000029375bf sp=0x00000000028edb68 mode 0
Event: 2.099 Executing VM operation: ParallelGCFailedAllocation
Event: 2.282 Executing VM operation: ParallelGCFailedAllocation done
Event: 2.325 Thread 0x000000001d8f4000 Uncommon trap: trap_request=0xffffff65 fr.pc=0x0000000002c58750
Event: 2.325 Thread 0x000000001d8f4000 DEOPT PACKING pc=0x0000000002c58750 sp=0x000000001fb6e820
Event: 2.325 Thread 0x000000001d8f4000 DEOPT UNPACKING pc=0x000000000293556a sp=0x000000001fb6e750 mode 2


Dynamic libraries:
0x000000013f1a0000 - 0x000000013f1d1000 	D:\AS3.0\jre\bin\java.exe
0x0000000077370000 - 0x0000000077519000 	C:\Windows\SYSTEM32\ntdll.dll
0x0000000077150000 - 0x000000007726f000 	C:\Windows\system32\kernel32.dll
0x000007fefd350000 - 0x000007fefd3bc000 	C:\Windows\system32\KERNELBASE.dll
0x000007feff230000 - 0x000007feff30b000 	C:\Windows\system32\ADVAPI32.dll
0x000007feff560000 - 0x000007feff5ff000 	C:\Windows\system32\msvcrt.dll
0x000007fefd900000 - 0x000007fefd91f000 	C:\Windows\SYSTEM32\sechost.dll
0x000007feff310000 - 0x000007feff43d000 	C:\Windows\system32\RPCRT4.dll
0x0000000077270000 - 0x000000007736a000 	C:\Windows\system32\USER32.dll
0x000007fefe8c0000 - 0x000007fefe927000 	C:\Windows\system32\GDI32.dll
0x000007feff4a0000 - 0x000007feff4ae000 	C:\Windows\system32\LPK.dll
0x000007fefe930000 - 0x000007fefe9f9000 	C:\Windows\system32\USP10.dll
0x000007fefb770000 - 0x000007fefb964000 	C:\Windows\WinSxS\amd64_microsoft.windows.common-controls_6595b64144ccf1df_6.0.7601.17514_none_fa396087175ac9ac\COMCTL32.dll
0x000007fefea00000 - 0x000007fefea71000 	C:\Windows\system32\SHLWAPI.dll
0x000007fefd620000 - 0x000007fefd64e000 	C:\Windows\system32\IMM32.DLL
0x000007fefed90000 - 0x000007fefee99000 	C:\Windows\system32\MSCTF.dll
0x0000000073710000 - 0x00000000737e2000 	D:\AS3.0\jre\jre\bin\msvcr100.dll
0x00000000737f0000 - 0x000000007402e000 	D:\AS3.0\jre\jre\bin\server\jvm.dll
0x000007fef6ee0000 - 0x000007fef6ee9000 	C:\Windows\system32\WSOCK32.dll
0x000007feff1e0000 - 0x000007feff22d000 	C:\Windows\system32\WS2_32.dll
0x000007feff550000 - 0x000007feff558000 	C:\Windows\system32\NSI.dll
0x000007fef9bc0000 - 0x000007fef9bfb000 	C:\Windows\system32\WINMM.dll
0x000007fefc090000 - 0x000007fefc09c000 	C:\Windows\system32\VERSION.dll
0x0000000077540000 - 0x0000000077547000 	C:\Windows\system32\PSAPI.DLL
0x000007fef6ed0000 - 0x000007fef6edf000 	D:\AS3.0\jre\jre\bin\verify.dll
0x000007fef6ea0000 - 0x000007fef6ec9000 	D:\AS3.0\jre\jre\bin\java.dll
0x000007fef6e80000 - 0x000007fef6e96000 	D:\AS3.0\jre\jre\bin\zip.dll
0x000007fefdb30000 - 0x000007fefe8b8000 	C:\Windows\system32\SHELL32.dll
0x000007fefd920000 - 0x000007fefdb23000 	C:\Windows\system32\ole32.dll
0x000007fefd1d0000 - 0x000007fefd1df000 	C:\Windows\system32\profapi.dll

VM Arguments:
jvm_args: -Djava.awt.headless=true -Xmx4g -Dfile.encoding=GBK -Duser.country=CN -Duser.language=zh -Duser.variant 
java_command: com.android.dx.command.Main --dex --force-jumbo --num-threads=4 --multi-dex --output C:\Users\Administrator\Desktop\qq\iknow-android\app\build\intermediates\transforms\dex\debug\folders\1000\5\slice_4 C:\Users\Administrator\Desktop\qq\iknow-android\app\build\intermediates\transforms\instantRunSlicer\debug\folders\1\5\slice_4
java_class_path (initial): C:\Users\Administrator\AppData\Local\Android\Sdk\build-tools\25.0.2\lib\dx.jar
Launcher Type: SUN_STANDARD

Environment Variables:
JAVA_HOME=C:\Program Files\Java\jdk1.8.0_171
CLASSPATH=.;C:\Program Files\Java\jdk1.8.0_171\lib;C:\Program Files\Java\jdk1.8.0_171\lib\tools.jar
PATH=C:\ProgramData\Oracle\Java\javapath;C:\Program Files (x86)\Common Files\Oracle\Java\javapath;C:\Windows\system32;C:\Windows;C:\Windows\System32\Wbem;C:\Windows\System32\WindowsPowerShell\v1.0\;C:\Program Files (x86)\Windows Kits\10\Windows Performance Toolkit\;D:\apache-maven-3.5.3\bin;C:\Program Files\TortoiseSVN\bin;C:\Program Files\Java\jdk1.8.0_171\bin;C:\Program Files\Java\jdk1.8.0_171\jre\bin
USERNAME=Administrator
OS=Windows_NT
PROCESSOR_IDENTIFIER=Intel64 Family 6 Model 158 Stepping 9, GenuineIntel



---------------  S Y S T E M  ---------------

OS: Windows 7 , 64 bit Build 7601 (6.1.7601.18409)

CPU:total 8 (initial active 8) (4 cores per cpu, 2 threads per core) family 6 model 158 stepping 9, cmov, cx8, fxsr, mmx, sse, sse2, sse3, ssse3, sse4.1, sse4.2, popcnt, avx, avx2, aes, clmul, erms, rtm, 3dnowpref, lzcnt, ht, tsc, tscinvbit, bmi1, bmi2, adx

Memory: 4k page, physical 8352760k(1168932k free), swap 8350896k(3100k free)

vm_info: OpenJDK 64-Bit Server VM (25.152-b01) for windows-amd64 JRE (1.8.0_152-release-915-b01), built by "builder" with MS VC++ 10.0 (VS2010)

time: Tue Jun 05 18:46:02 2018
elapsed time: 2 seconds (0d 0h 0m 2s)

