#
# There is insufficient memory for the Java Runtime Environment to continue.
# Native memory allocation (malloc) failed to allocate 583776 bytes for Chunk::new
# Possible reasons:
#   The system is out of physical RAM or swap space
#   In 32 bit mode, the process size limit was hit
# Possible solutions:
#   Reduce memory load on the system
#   Increase physical memory or swap space
#   Check if swap backing store is full
#   Use 64 bit Java on a 64 bit OS
#   Decrease Java heap size (-Xmx/-Xms)
#   Decrease number of Java threads
#   Decrease Java thread stack sizes (-Xss)
#   Set larger code cache with -XX:ReservedCodeCacheSize=
# This output file may be truncated or incomplete.
#
#  Out of Memory Error (allocation.cpp:390), pid=7096, tid=0x0000000000000b18
#
# JRE version: OpenJDK Runtime Environment (8.0_152-b01) (build 1.8.0_152-release-915-b01)
# Java VM: OpenJDK 64-Bit Server VM (25.152-b01 mixed mode windows-amd64 compressed oops)
# Failed to write core dump. Minidumps are not enabled by default on client versions of Windows
#

---------------  T H R E A D  ---------------

Current thread (0x000000001d6a0000):  JavaThread "C2 CompilerThread0" daemon [_thread_in_native, id=2840, stack(0x000000001ed50000,0x000000001ee50000)]

Stack: [0x000000001ed50000,0x000000001ee50000]
[error occurred during error reporting (printing stack bounds), id 0xc0000005]

Native frames: (J=compiled Java code, j=interpreted, Vv=VM code, C=native code)


Current CompileTask:
C2:   1693 1155       4       com.android.dx.rop.code.Rops::ropFor (771 bytes)


---------------  P R O C E S S  ---------------

Java Threads: ( => current thread )
  0x000000001d95c800 JavaThread "pool-2-thread-4" [_thread_in_Java, id=4304, stack(0x000000001f810000,0x000000001f910000)]
  0x000000001d955800 JavaThread "pool-2-thread-3" [_thread_blocked, id=6016, stack(0x000000001faa0000,0x000000001fba0000)]
  0x000000001d868000 JavaThread "pool-2-thread-2" [_thread_blocked, id=2068, stack(0x000000001f970000,0x000000001fa70000)]
  0x000000001d865000 JavaThread "pool-3-thread-1" [_thread_blocked, id=2480, stack(0x000000001f6b0000,0x000000001f7b0000)]
  0x000000001d85d800 JavaThread "pool-2-thread-1" [_thread_in_Java, id=5692, stack(0x000000001f280000,0x000000001f380000)]
  0x000000001d71b000 JavaThread "Service Thread" daemon [_thread_blocked, id=4928, stack(0x000000001f420000,0x000000001f520000)]
  0x000000001d717800 JavaThread "C1 CompilerThread3" daemon [_thread_blocked, id=5780, stack(0x000000001eeb0000,0x000000001efb0000)]
  0x000000001d715000 JavaThread "C2 CompilerThread2" daemon [_thread_blocked, id=5328, stack(0x000000001f140000,0x000000001f240000)]
  0x000000001d70e000 JavaThread "C2 CompilerThread1" daemon [_thread_in_native, id=3784, stack(0x000000001f030000,0x000000001f130000)]
=>0x000000001d6a0000 JavaThread "C2 CompilerThread0" daemon [_thread_in_native, id=2840, stack(0x000000001ed50000,0x000000001ee50000)]
  0x000000001d69f000 JavaThread "Attach Listener" daemon [_thread_blocked, id=6824, stack(0x000000001ec30000,0x000000001ed30000)]
  0x000000001d687000 JavaThread "Signal Dispatcher" daemon [_thread_blocked, id=5784, stack(0x000000001e8d0000,0x000000001e9d0000)]
  0x000000001c5dc000 JavaThread "Finalizer" daemon [_thread_blocked, id=4196, stack(0x000000001ea70000,0x000000001eb70000)]
  0x000000001c5d5000 JavaThread "Reference Handler" daemon [_thread_blocked, id=6768, stack(0x000000001e7b0000,0x000000001e8b0000)]
  0x000000000248e800 JavaThread "main" [_thread_in_native, id=6420, stack(0x0000000002750000,0x0000000002850000)]

Other Threads:
  0x000000001d641800 VMThread [stack: 0x000000001e610000,0x000000001e710000] [id=6880]
  0x000000001d71d000 WatcherThread [stack: 0x000000001f530000,0x000000001f630000] [id=5712]

VM state:not at safepoint (normal execution)

VM Mutex/Monitor currently owned by a thread:  ([mutex/lock_event])
[0x000000000248d0a0] Heap_lock - owner thread: 0x000000001d868000

Heap:
 PSYoungGen      total 38400K, used 8990K [0x000000076ab00000, 0x000000076d580000, 0x00000007c0000000)
  eden space 33280K, 11% used [0x000000076ab00000,0x000000076aec8bc8,0x000000076cb80000)
  from space 5120K, 99% used [0x000000076cb80000,0x000000076d07ef50,0x000000076d080000)
  to   space 5120K, 0% used [0x000000076d080000,0x000000076d080000,0x000000076d580000)
 ParOldGen       total 87552K, used 4332K [0x00000006c0000000, 0x00000006c5580000, 0x000000076ab00000)
  object space 87552K, 4% used [0x00000006c0000000,0x00000006c043b3b0,0x00000006c5580000)
 Metaspace       used 5794K, capacity 6896K, committed 7040K, reserved 1056768K
  class space    used 570K, capacity 616K, committed 640K, reserved 1048576K

Card table byte_map: [0x0000000011c10000,0x0000000012420000] byte_map_base: 0x000000000e610000

Marking Bits: (ParMarkBitMap*) 0x0000000073d33950
 Begin Bits: [0x00000000133f0000, 0x00000000173f0000)
 End Bits:   [0x00000000173f0000, 0x000000001b3f0000)

Polling page: 0x0000000000430000

CodeCache: size=245760Kb used=4817Kb max_used=4817Kb free=240942Kb
 bounds [0x0000000002850000, 0x0000000002d10000, 0x0000000011850000]
 total_blobs=1441 nmethods=1178 adapters=177
 compilation: enabled

Compilation events (10 events):
Event: 1.684 Thread 0x000000001d717800 1189       3       java.io.File::isInvalid (47 bytes)
Event: 1.685 Thread 0x000000001d717800 nmethod 1189 0x0000000002cffd10 code [0x0000000002cffe80, 0x0000000002d002c8]
Event: 1.688 Thread 0x000000001d717800 1190       3       com.android.dx.rop.type.Prototype::makeParameterArray (131 bytes)
Event: 1.688 Thread 0x000000001d717800 nmethod 1190 0x0000000002d06190 code [0x0000000002d063c0, 0x0000000002d06fb8]
Event: 1.689 Thread 0x000000001d717800 1192       3       com.android.dx.rop.code.Rops::opAput (97 bytes)
Event: 1.690 Thread 0x000000001d717800 nmethod 1192 0x0000000002d07510 code [0x0000000002d07740, 0x0000000002d083b8]
Event: 1.690 Thread 0x000000001d717800 1193       3       com.android.dx.cf.code.Ropper::getSpecialLabel (20 bytes)
Event: 1.690 Thread 0x000000001d717800 nmethod 1193 0x0000000002cff650 code [0x0000000002cff7c0, 0x0000000002cffb90]
Event: 1.691 Thread 0x000000001d717800 1194       1       java.util.HashMap$Node::getKey (5 bytes)
Event: 1.691 Thread 0x000000001d717800 nmethod 1194 0x0000000002cff390 code [0x0000000002cff4e0, 0x0000000002cff5f0]

GC Heap History (2 events):
Event: 1.499 GC heap before
{Heap before GC invocations=1 (full 0):
 PSYoungGen      total 38400K, used 33280K [0x000000076ab00000, 0x000000076d580000, 0x00000007c0000000)
  eden space 33280K, 100% used [0x000000076ab00000,0x000000076cb80000,0x000000076cb80000)
  from space 5120K, 0% used [0x000000076d080000,0x000000076d080000,0x000000076d580000)
  to   space 5120K, 0% used [0x000000076cb80000,0x000000076cb80000,0x000000076d080000)
 ParOldGen       total 87552K, used 0K [0x00000006c0000000, 0x00000006c5580000, 0x000000076ab00000)
  object space 87552K, 0% used [0x00000006c0000000,0x00000006c0000000,0x00000006c5580000)
 Metaspace       used 5791K, capacity 6896K, committed 7040K, reserved 1056768K
  class space    used 569K, capacity 616K, committed 640K, reserved 1048576K
Event: 1.590 GC heap after
Heap after GC invocations=1 (full 0):
 PSYoungGen      total 38400K, used 5115K [0x000000076ab00000, 0x000000076d580000, 0x00000007c0000000)
  eden space 33280K, 0% used [0x000000076ab00000,0x000000076ab00000,0x000000076cb80000)
  from space 5120K, 99% used [0x000000076cb80000,0x000000076d07ef50,0x000000076d080000)
  to   space 5120K, 0% used [0x000000076d080000,0x000000076d080000,0x000000076d580000)
 ParOldGen       total 87552K, used 4332K [0x00000006c0000000, 0x00000006c5580000, 0x000000076ab00000)
  object space 87552K, 4% used [0x00000006c0000000,0x00000006c043b3b0,0x00000006c5580000)
 Metaspace       used 5791K, capacity 6896K, committed 7040K, reserved 1056768K
  class space    used 569K, capacity 616K, committed 640K, reserved 1048576K
}

Deoptimization events (10 events):
Event: 1.402 Thread 0x000000001d868000 Uncommon trap: reason=unloaded action=reinterpret pc=0x0000000002c58248 method=com.android.dx.ssa.SsaRenamer$BlockRenamer.visitMoveInsn(Lcom/android/dx/ssa/NormalSsaInsn;)V @ 208
Event: 1.404 Thread 0x000000001d868000 Uncommon trap: reason=unstable_if action=reinterpret pc=0x0000000002ac972c method=com.android.dx.ssa.NormalSsaInsn.getLocalAssignment()Lcom/android/dx/rop/code/RegisterSpec; @ 12
Event: 1.404 Thread 0x000000001d868000 Uncommon trap: reason=unstable_if action=reinterpret pc=0x0000000002ab17b0 method=com.android.dx.ssa.NormalSsaInsn.getLocalAssignment()Lcom/android/dx/rop/code/RegisterSpec; @ 12
Event: 1.404 Thread 0x000000001d868000 Uncommon trap: reason=unstable_if action=reinterpret pc=0x0000000002aa5ef4 method=com.android.dx.ssa.NormalSsaInsn.getLocalAssignment()Lcom/android/dx/rop/code/RegisterSpec; @ 12
Event: 1.422 Thread 0x000000001d85d800 Uncommon trap: reason=unloaded action=reinterpret pc=0x0000000002c7bbb4 method=com.android.dx.ssa.SsaRenamer$BlockRenamer.visitMoveInsn(Lcom/android/dx/ssa/NormalSsaInsn;)V @ 208
Event: 1.428 Thread 0x000000001d868000 Uncommon trap: reason=unstable_if action=reinterpret pc=0x0000000002aa4f84 method=com.android.dx.ssa.SsaRenamer$BlockRenamer.addMapping(ILcom/android/dx/rop/code/RegisterSpec;)V @ 120
Event: 1.458 Thread 0x000000001d868000 Uncommon trap: reason=class_check action=maybe_recompile pc=0x0000000002cda6a4 method=com.android.dx.cf.code.BytecodeArray.parseInstruction(ILcom/android/dx/cf/code/BytecodeArray$Visitor;)I @ 1477
Event: 1.458 Thread 0x000000001d868000 Uncommon trap: reason=class_check action=maybe_recompile pc=0x0000000002cda6a4 method=com.android.dx.cf.code.BytecodeArray.parseInstruction(ILcom/android/dx/cf/code/BytecodeArray$Visitor;)I @ 1477
Event: 1.471 Thread 0x000000001d868000 Uncommon trap: reason=class_check action=maybe_recompile pc=0x0000000002cda6a4 method=com.android.dx.cf.code.BytecodeArray.parseInstruction(ILcom/android/dx/cf/code/BytecodeArray$Visitor;)I @ 1477
Event: 1.471 Thread 0x000000001d868000 Uncommon trap: reason=class_check action=maybe_recompile pc=0x0000000002cda6a4 method=com.android.dx.cf.code.BytecodeArray.parseInstruction(ILcom/android/dx/cf/code/BytecodeArray$Visitor;)I @ 1477

Classes redefined (0 events):
No events

Internal exceptions (4 events):
Event: 0.132 Thread 0x000000000248e800 Exception <a 'java/lang/NoSuchMethodError': Method sun.misc.Unsafe.defineClass(Ljava/lang/String;[BII)Ljava/lang/Class; name or signature does not match> (0x000000076ab07ca8) thrown at [D:\src\AOSP-openjdk-cygwin\jdk8u\hotspot\src\share\vm\prims\jni.cpp, 
Event: 0.132 Thread 0x000000000248e800 Exception <a 'java/lang/NoSuchMethodError': Method sun.misc.Unsafe.prefetchRead(Ljava/lang/Object;J)V name or signature does not match> (0x000000076ab07f90) thrown at [D:\src\AOSP-openjdk-cygwin\jdk8u\hotspot\src\share\vm\prims\jni.cpp, line 4011]
Event: 1.321 Thread 0x000000001d95c800 Implicit null exception at 0x0000000002abca08 to 0x0000000002abe469
Event: 1.321 Thread 0x000000001d95c800 Implicit null exception at 0x0000000002a90af0 to 0x0000000002a9244d

Events (10 events):
Event: 1.471 Thread 0x000000001d868000 Uncommon trap: trap_request=0xffffffde fr.pc=0x0000000002cda6a4
Event: 1.471 Thread 0x000000001d868000 DEOPT PACKING pc=0x0000000002cda6a4 sp=0x000000001fa6e950
Event: 1.471 Thread 0x000000001d868000 DEOPT UNPACKING pc=0x000000000289556a sp=0x000000001fa6e8a8 mode 2
Event: 1.471 Thread 0x000000001d868000 Uncommon trap: trap_request=0xffffffde fr.pc=0x0000000002cda6a4
Event: 1.471 Thread 0x000000001d868000 DEOPT PACKING pc=0x0000000002cda6a4 sp=0x000000001fa6e950
Event: 1.471 Thread 0x000000001d868000 DEOPT UNPACKING pc=0x000000000289556a sp=0x000000001fa6e8a8 mode 2
Event: 1.497 Executing VM operation: ParallelGCFailedAllocation
Event: 1.590 Executing VM operation: ParallelGCFailedAllocation done
Event: 1.688 loading class com/android/dx/cf/attrib/AttLocalVariableTypeTable
Event: 1.688 loading class com/android/dx/cf/attrib/AttLocalVariableTypeTable done


Dynamic libraries:
0x000000013f730000 - 0x000000013f761000 	D:\AS3.0\jre\bin\java.exe
0x00000000770f0000 - 0x0000000077299000 	C:\Windows\SYSTEM32\ntdll.dll
0x0000000076ed0000 - 0x0000000076fef000 	C:\Windows\system32\kernel32.dll
0x000007fefcfa0000 - 0x000007fefd00c000 	C:\Windows\system32\KERNELBASE.dll
0x000007fefecd0000 - 0x000007fefedab000 	C:\Windows\system32\ADVAPI32.dll
0x000007fefede0000 - 0x000007fefee7f000 	C:\Windows\system32\msvcrt.dll
0x000007fefefc0000 - 0x000007fefefdf000 	C:\Windows\SYSTEM32\sechost.dll
0x000007fefe2f0000 - 0x000007fefe41d000 	C:\Windows\system32\RPCRT4.dll
0x0000000076ff0000 - 0x00000000770ea000 	C:\Windows\system32\USER32.dll
0x000007fefe650000 - 0x000007fefe6b7000 	C:\Windows\system32\GDI32.dll
0x000007fefe6c0000 - 0x000007fefe6ce000 	C:\Windows\system32\LPK.dll
0x000007fefefe0000 - 0x000007feff0a9000 	C:\Windows\system32\USP10.dll
0x000007fefb4f0000 - 0x000007fefb6e4000 	C:\Windows\WinSxS\amd64_microsoft.windows.common-controls_6595b64144ccf1df_6.0.7601.17514_none_fa396087175ac9ac\COMCTL32.dll
0x000007fefd4e0000 - 0x000007fefd551000 	C:\Windows\system32\SHLWAPI.dll
0x000007fefedb0000 - 0x000007fefedde000 	C:\Windows\system32\IMM32.DLL
0x000007fefe970000 - 0x000007fefea79000 	C:\Windows\system32\MSCTF.dll
0x0000000073490000 - 0x0000000073562000 	D:\AS3.0\jre\jre\bin\msvcr100.dll
0x0000000073570000 - 0x0000000073dae000 	D:\AS3.0\jre\jre\bin\server\jvm.dll
0x000007fef35e0000 - 0x000007fef35e9000 	C:\Windows\system32\WSOCK32.dll
0x000007fefeb20000 - 0x000007fefeb6d000 	C:\Windows\system32\WS2_32.dll
0x000007fefe6d0000 - 0x000007fefe6d8000 	C:\Windows\system32\NSI.dll
0x000007fef9ca0000 - 0x000007fef9cdb000 	C:\Windows\system32\WINMM.dll
0x000007fefbe10000 - 0x000007fefbe1c000 	C:\Windows\system32\VERSION.dll
0x00000000772c0000 - 0x00000000772c7000 	C:\Windows\system32\PSAPI.DLL
0x000007fef35d0000 - 0x000007fef35df000 	D:\AS3.0\jre\jre\bin\verify.dll
0x000007fef26c0000 - 0x000007fef26e9000 	D:\AS3.0\jre\jre\bin\java.dll
0x000007fef2e50000 - 0x000007fef2e66000 	D:\AS3.0\jre\jre\bin\zip.dll
0x000007fefd560000 - 0x000007fefe2e8000 	C:\Windows\system32\SHELL32.dll
0x000007feff0b0000 - 0x000007feff2b3000 	C:\Windows\system32\ole32.dll
0x000007fefcf50000 - 0x000007fefcf5f000 	C:\Windows\system32\profapi.dll

VM Arguments:
jvm_args: -Djava.awt.headless=true -Xmx4g -Dfile.encoding=GBK -Duser.country=CN -Duser.language=zh -Duser.variant 
java_command: com.android.dx.command.Main --dex --force-jumbo --num-threads=4 --multi-dex --output C:\Users\Administrator\Desktop\qq\iknow-android\app\build\intermediates\transforms\dex\debug\folders\1000\5\slice_2 C:\Users\Administrator\Desktop\qq\iknow-android\app\build\intermediates\transforms\instantRunSlicer\debug\folders\1\5\slice_2
java_class_path (initial): C:\Users\Administrator\AppData\Local\Android\Sdk\build-tools\25.0.2\lib\dx.jar
Launcher Type: SUN_STANDARD

Environment Variables:
JAVA_HOME=C:\Program Files\Java\jdk1.8.0_171
CLASSPATH=.;C:\Program Files\Java\jdk1.8.0_171\lib;C:\Program Files\Java\jdk1.8.0_171\lib\tools.jar
PATH=C:\ProgramData\Oracle\Java\javapath;C:\Program Files (x86)\Common Files\Oracle\Java\javapath;C:\Windows\system32;C:\Windows;C:\Windows\System32\Wbem;C:\Windows\System32\WindowsPowerShell\v1.0\;C:\Program Files (x86)\Windows Kits\10\Windows Performance Toolkit\;D:\apache-maven-3.5.3\bin;C:\Program Files\TortoiseSVN\bin;C:\Program Files\Java\jdk1.8.0_171\bin;C:\Program Files\Java\jdk1.8.0_171\jre\bin
USERNAME=Administrator
OS=Windows_NT
PROCESSOR_IDENTIFIER=Intel64 Family 6 Model 158 Stepping 9, GenuineIntel



---------------  S Y S T E M  ---------------

OS: Windows 7 , 64 bit Build 7601 (6.1.7601.18409)

CPU:total 8 (initial active 8) (4 cores per cpu, 2 threads per core) family 6 model 158 stepping 9, cmov, cx8, fxsr, mmx, sse, sse2, sse3, ssse3, sse4.1, sse4.2, popcnt, avx, avx2, aes, clmul, erms, rtm, 3dnowpref, lzcnt, ht, tsc, tscinvbit, bmi1, bmi2, adx

Memory: 4k page, physical 8352760k(1260392k free), swap 8350896k(3480k free)

vm_info: OpenJDK 64-Bit Server VM (25.152-b01) for windows-amd64 JRE (1.8.0_152-release-915-b01), built by "builder" with MS VC++ 10.0 (VS2010)

time: Tue Jun 05 19:52:26 2018
elapsed time: 1 seconds (0d 0h 0m 1s)

