#
# There is insufficient memory for the Java Runtime Environment to continue.
# Native memory allocation (malloc) failed to allocate 65552 bytes for Chunk::new
# Possible reasons:
#   The system is out of physical RAM or swap space
#   In 32 bit mode, the process size limit was hit
# Possible solutions:
#   Reduce memory load on the system
#   Increase physical memory or swap space
#   Check if swap backing store is full
#   Use 64 bit Java on a 64 bit OS
#   Decrease Java heap size (-Xmx/-Xms)
#   Decrease number of Java threads
#   Decrease Java thread stack sizes (-Xss)
#   Set larger code cache with -XX:ReservedCodeCacheSize=
# This output file may be truncated or incomplete.
#
#  Out of Memory Error (allocation.cpp:390), pid=5384, tid=0x00000000000018b0
#
# JRE version: OpenJDK Runtime Environment (8.0_152-b01) (build 1.8.0_152-release-915-b01)
# Java VM: OpenJDK 64-Bit Server VM (25.152-b01 mixed mode windows-amd64 compressed oops)
# Failed to write core dump. Minidumps are not enabled by default on client versions of Windows
#

---------------  T H R E A D  ---------------

Current thread (0x000000001d626000):  JavaThread "C2 CompilerThread1" daemon [_thread_in_native, id=6320, stack(0x000000001ee40000,0x000000001ef40000)]

Stack: [0x000000001ee40000,0x000000001ef40000]
[error occurred during error reporting (printing stack bounds), id 0xc0000005]

Native frames: (J=compiled Java code, j=interpreted, Vv=VM code, C=native code)


Current CompileTask:
C2:  11832 2333       4       com.android.dx.ssa.back.FirstFitLocalCombiningAllocator::handleNormalUnassociated (99 bytes)


---------------  P R O C E S S  ---------------

Java Threads: ( => current thread )
  0x000000001f792800 JavaThread "pool-2-thread-4" [_thread_blocked, id=6904, stack(0x0000000020420000,0x0000000020520000)]
  0x000000001f78b000 JavaThread "pool-2-thread-3" [_thread_blocked, id=6272, stack(0x00000000202f0000,0x00000000203f0000)]
  0x000000001d801800 JavaThread "pool-2-thread-2" [_thread_blocked, id=6732, stack(0x0000000020100000,0x0000000020200000)]
  0x000000001d7d8800 JavaThread "pool-3-thread-1" [_thread_blocked, id=6760, stack(0x000000001f670000,0x000000001f770000)]
  0x000000001d7d6000 JavaThread "pool-2-thread-1" [_thread_in_Java, id=6740, stack(0x000000001f460000,0x000000001f560000)]
  0x000000001d6ab000 JavaThread "Service Thread" daemon [_thread_blocked, id=6664, stack(0x000000001f330000,0x000000001f430000)]
  0x000000001d682800 JavaThread "C1 CompilerThread3" daemon [_thread_in_native, id=5404, stack(0x000000001f220000,0x000000001f320000)]
  0x000000001d62d000 JavaThread "C2 CompilerThread2" daemon [_thread_blocked, id=6684, stack(0x000000001efb0000,0x000000001f0b0000)]
=>0x000000001d626000 JavaThread "C2 CompilerThread1" daemon [_thread_in_native, id=6320, stack(0x000000001ee40000,0x000000001ef40000)]
  0x000000001d622000 JavaThread "C2 CompilerThread0" daemon [_thread_blocked, id=1492, stack(0x000000001ec50000,0x000000001ed50000)]
  0x000000001d5f7000 JavaThread "Attach Listener" daemon [_thread_blocked, id=6828, stack(0x000000001ea40000,0x000000001eb40000)]
  0x000000001d61f000 JavaThread "Signal Dispatcher" daemon [_thread_blocked, id=6800, stack(0x000000001e800000,0x000000001e900000)]
  0x000000001c43c000 JavaThread "Finalizer" daemon [_thread_blocked, id=6592, stack(0x000000001e910000,0x000000001ea10000)]
  0x000000001c435000 JavaThread "Reference Handler" daemon [_thread_blocked, id=6588, stack(0x000000001e5b0000,0x000000001e6b0000)]
  0x00000000000fe800 JavaThread "main" [_thread_blocked, id=3988, stack(0x0000000002650000,0x0000000002750000)]

Other Threads:
  0x000000001d5b1800 VMThread [stack: 0x000000001e6d0000,0x000000001e7d0000] [id=6412]
  0x000000001d6ad800 WatcherThread [stack: 0x000000001f0e0000,0x000000001f1e0000] [id=6544]

VM state:not at safepoint (normal execution)

VM Mutex/Monitor currently owned by a thread: None

Heap:
 PSYoungGen      total 189952K, used 91801K [0x000000076ab00000, 0x0000000779a80000, 0x00000007c0000000)
  eden space 146944K, 41% used [0x000000076ab00000,0x000000076e6be680,0x0000000773a80000)
  from space 43008K, 71% used [0x0000000776580000,0x0000000778368010,0x0000000778f80000)
  to   space 44032K, 0% used [0x0000000773a80000,0x0000000773a80000,0x0000000776580000)
 ParOldGen       total 152064K, used 46772K [0x00000006c0000000, 0x00000006c9480000, 0x000000076ab00000)
  object space 152064K, 30% used [0x00000006c0000000,0x00000006c2dad268,0x00000006c9480000)
 Metaspace       used 6237K, capacity 7154K, committed 7296K, reserved 1056768K
  class space    used 592K, capacity 618K, committed 640K, reserved 1048576K

Card table byte_map: [0x0000000011b10000,0x0000000012320000] byte_map_base: 0x000000000e510000

Marking Bits: (ParMarkBitMap*) 0x0000000073d33950
 Begin Bits: [0x0000000013250000, 0x0000000017250000)
 End Bits:   [0x0000000017250000, 0x000000001b250000)

Polling page: 0x0000000000140000

CodeCache: size=245760Kb used=7655Kb max_used=9983Kb free=238104Kb
 bounds [0x0000000002750000, 0x0000000003120000, 0x0000000011750000]
 total_blobs=1975 nmethods=1711 adapters=177
 compilation: enabled

Compilation events (10 events):
Event: 11.824 Thread 0x000000001d62d000 2329       4       com.android.dx.rop.code.PlainInsn::<init> (13 bytes)
Event: 11.825 Thread 0x000000001d626000 2333       4       com.android.dx.ssa.back.FirstFitLocalCombiningAllocator::handleNormalUnassociated (99 bytes)
Event: 11.826 Thread 0x000000001d622000 nmethod 2330 0x00000000028d2110 code [0x00000000028d2260, 0x00000000028d23d8]
Event: 11.826 Thread 0x000000001d622000 2337       4       com.android.dx.rop.code.RegisterSpec::withReg (23 bytes)
Event: 11.826 Thread 0x000000001d622000 nmethod 2337 0x0000000002d47c10 code [0x0000000002d47d60, 0x0000000002d47e08]
Event: 11.826 Thread 0x000000001d622000 2334       4       com.android.dx.rop.code.BasicBlock::getFirstInsn (9 bytes)
Event: 11.826 Thread 0x000000001d62d000 nmethod 2329 0x0000000002926dd0 code [0x0000000002926f20, 0x0000000002927198]
Event: 11.827 Thread 0x000000001d622000 nmethod 2334 0x00000000030f2b90 code [0x00000000030f2ce0, 0x00000000030f2dd8]
Event: 11.828 Thread 0x000000001d62d000 2338       4       com.android.dx.rop.code.Rop::canThrow (18 bytes)
Event: 11.829 Thread 0x000000001d62d000 nmethod 2338 0x000000000298f3d0 code [0x000000000298f520, 0x000000000298f5d8]

GC Heap History (10 events):
Event: 8.430 GC heap before
{Heap before GC invocations=6 (full 1):
 PSYoungGen      total 108544K, used 108544K [0x000000076ab00000, 0x0000000773700000, 0x00000007c0000000)
  eden space 103424K, 100% used [0x000000076ab00000,0x0000000771000000,0x0000000771000000)
  from space 5120K, 100% used [0x0000000773200000,0x0000000773700000,0x0000000773700000)
  to   space 5120K, 0% used [0x0000000772d00000,0x0000000772d00000,0x0000000773200000)
 ParOldGen       total 146432K, used 68754K [0x00000006c0000000, 0x00000006c8f00000, 0x000000076ab00000)
  object space 146432K, 46% used [0x00000006c0000000,0x00000006c4324a58,0x00000006c8f00000)
 Metaspace       used 6079K, capacity 7026K, committed 7296K, reserved 1056768K
  class space    used 592K, capacity 618K, committed 640K, reserved 1048576K
Event: 8.721 GC heap after
Heap after GC invocations=6 (full 1):
 PSYoungGen      total 108544K, used 5096K [0x000000076ab00000, 0x0000000773700000, 0x00000007c0000000)
  eden space 103424K, 0% used [0x000000076ab00000,0x000000076ab00000,0x0000000771000000)
  from space 5120K, 99% used [0x0000000772d00000,0x00000007731fa348,0x0000000773200000)
  to   space 5120K, 0% used [0x0000000773200000,0x0000000773200000,0x0000000773700000)
 ParOldGen       total 146432K, used 96016K [0x00000006c0000000, 0x00000006c8f00000, 0x000000076ab00000)
  object space 146432K, 65% used [0x00000006c0000000,0x00000006c5dc4048,0x00000006c8f00000)
 Metaspace       used 6079K, capacity 7026K, committed 7296K, reserved 1056768K
  class space    used 592K, capacity 618K, committed 640K, reserved 1048576K
}
Event: 9.455 GC heap before
{Heap before GC invocations=7 (full 1):
 PSYoungGen      total 108544K, used 108520K [0x000000076ab00000, 0x0000000773700000, 0x00000007c0000000)
  eden space 103424K, 100% used [0x000000076ab00000,0x0000000771000000,0x0000000771000000)
  from space 5120K, 99% used [0x0000000772d00000,0x00000007731fa348,0x0000000773200000)
  to   space 5120K, 0% used [0x0000000773200000,0x0000000773200000,0x0000000773700000)
 ParOldGen       total 146432K, used 96016K [0x00000006c0000000, 0x00000006c8f00000, 0x000000076ab00000)
  object space 146432K, 65% used [0x00000006c0000000,0x00000006c5dc4048,0x00000006c8f00000)
 Metaspace       used 6140K, capacity 7026K, committed 7296K, reserved 1056768K
  class space    used 592K, capacity 618K, committed 640K, reserved 1048576K
Event: 9.868 GC heap after
Heap after GC invocations=7 (full 1):
 PSYoungGen      total 99840K, used 5096K [0x000000076ab00000, 0x0000000779780000, 0x00000007c0000000)
  eden space 94720K, 0% used [0x000000076ab00000,0x000000076ab00000,0x0000000770780000)
  from space 5120K, 99% used [0x0000000773200000,0x00000007736fa348,0x0000000773700000)
  to   space 43520K, 0% used [0x0000000770780000,0x0000000770780000,0x0000000773200000)
 ParOldGen       total 146432K, used 112850K [0x00000006c0000000, 0x00000006c8f00000, 0x000000076ab00000)
  object space 146432K, 77% used [0x00000006c0000000,0x00000006c6e349d8,0x00000006c8f00000)
 Metaspace       used 6140K, capacity 7026K, committed 7296K, reserved 1056768K
  class space    used 592K, capacity 618K, committed 640K, reserved 1048576K
}
Event: 9.868 GC heap before
{Heap before GC invocations=8 (full 2):
 PSYoungGen      total 99840K, used 5096K [0x000000076ab00000, 0x0000000779780000, 0x00000007c0000000)
  eden space 94720K, 0% used [0x000000076ab00000,0x000000076ab00000,0x0000000770780000)
  from space 5120K, 99% used [0x0000000773200000,0x00000007736fa348,0x0000000773700000)
  to   space 43520K, 0% used [0x0000000770780000,0x0000000770780000,0x0000000773200000)
 ParOldGen       total 146432K, used 112850K [0x00000006c0000000, 0x00000006c8f00000, 0x000000076ab00000)
  object space 146432K, 77% used [0x00000006c0000000,0x00000006c6e349d8,0x00000006c8f00000)
 Metaspace       used 6140K, capacity 7026K, committed 7296K, reserved 1056768K
  class space    used 592K, capacity 618K, committed 640K, reserved 1048576K
Event: 10.462 GC heap after
Heap after GC invocations=8 (full 2):
 PSYoungGen      total 99840K, used 0K [0x000000076ab00000, 0x0000000779780000, 0x00000007c0000000)
  eden space 94720K, 0% used [0x000000076ab00000,0x000000076ab00000,0x0000000770780000)
  from space 5120K, 0% used [0x0000000773200000,0x0000000773200000,0x0000000773700000)
  to   space 43520K, 0% used [0x0000000770780000,0x0000000770780000,0x0000000773200000)
 ParOldGen       total 152064K, used 46756K [0x00000006c0000000, 0x00000006c9480000, 0x000000076ab00000)
  object space 152064K, 30% used [0x00000006c0000000,0x00000006c2da9268,0x00000006c9480000)
 Metaspace       used 6140K, capacity 7026K, committed 7296K, reserved 1056768K
  class space    used 592K, capacity 618K, committed 640K, reserved 1048576K
}
Event: 11.054 GC heap before
{Heap before GC invocations=9 (full 2):
 PSYoungGen      total 99840K, used 94720K [0x000000076ab00000, 0x0000000779780000, 0x00000007c0000000)
  eden space 94720K, 100% used [0x000000076ab00000,0x0000000770780000,0x0000000770780000)
  from space 5120K, 0% used [0x0000000773200000,0x0000000773200000,0x0000000773700000)
  to   space 43520K, 0% used [0x0000000770780000,0x0000000770780000,0x0000000773200000)
 ParOldGen       total 152064K, used 46756K [0x00000006c0000000, 0x00000006c9480000, 0x000000076ab00000)
  object space 152064K, 30% used [0x00000006c0000000,0x00000006c2da9268,0x00000006c9480000)
 Metaspace       used 6217K, capacity 7090K, committed 7296K, reserved 1056768K
  class space    used 592K, capacity 618K, committed 640K, reserved 1048576K
Event: 11.103 GC heap after
Heap after GC invocations=9 (full 2):
 PSYoungGen      total 138240K, used 15856K [0x000000076ab00000, 0x0000000778f80000, 0x00000007c0000000)
  eden space 94720K, 0% used [0x000000076ab00000,0x000000076ab00000,0x0000000770780000)
  from space 43520K, 36% used [0x0000000770780000,0x00000007716fc120,0x0000000773200000)
  to   space 43008K, 0% used [0x0000000776580000,0x0000000776580000,0x0000000778f80000)
 ParOldGen       total 152064K, used 46764K [0x00000006c0000000, 0x00000006c9480000, 0x000000076ab00000)
  object space 152064K, 30% used [0x00000006c0000000,0x00000006c2dab268,0x00000006c9480000)
 Metaspace       used 6217K, capacity 7090K, committed 7296K, reserved 1056768K
  class space    used 592K, capacity 618K, committed 640K, reserved 1048576K
}
Event: 11.252 GC heap before
{Heap before GC invocations=10 (full 2):
 PSYoungGen      total 138240K, used 110576K [0x000000076ab00000, 0x0000000778f80000, 0x00000007c0000000)
  eden space 94720K, 100% used [0x000000076ab00000,0x0000000770780000,0x0000000770780000)
  from space 43520K, 36% used [0x0000000770780000,0x00000007716fc120,0x0000000773200000)
  to   space 43008K, 0% used [0x0000000776580000,0x0000000776580000,0x0000000778f80000)
 ParOldGen       total 152064K, used 46764K [0x00000006c0000000, 0x00000006c9480000, 0x000000076ab00000)
  object space 152064K, 30% used [0x00000006c0000000,0x00000006c2dab268,0x00000006c9480000)
 Metaspace       used 6227K, capacity 7090K, committed 7296K, reserved 1056768K
  class space    used 592K, capacity 618K, committed 640K, reserved 1048576K
Event: 11.716 GC heap after
Heap after GC invocations=10 (full 2):
 PSYoungGen      total 189952K, used 30624K [0x000000076ab00000, 0x0000000779a80000, 0x00000007c0000000)
  eden space 146944K, 0% used [0x000000076ab00000,0x000000076ab00000,0x0000000773a80000)
  from space 43008K, 71% used [0x0000000776580000,0x0000000778368010,0x0000000778f80000)
  to   space 44032K, 0% used [0x0000000773a80000,0x0000000773a80000,0x0000000776580000)
 ParOldGen       total 152064K, used 46772K [0x00000006c0000000, 0x00000006c9480000, 0x000000076ab00000)
  object space 152064K, 30% used [0x00000006c0000000,0x00000006c2dad268,0x00000006c9480000)
 Metaspace       used 6227K, capacity 7090K, committed 7296K, reserved 1056768K
  class space    used 592K, capacity 618K, committed 640K, reserved 1048576K
}

Deoptimization events (10 events):
Event: 11.816 Thread 0x000000001f792800 Uncommon trap: reason=unstable_if action=reinterpret pc=0x0000000002b6d9c8 method=java.util.HashMap$HashIterator.nextNode()Ljava/util/HashMap$Node; @ 53
Event: 11.817 Thread 0x000000001f78b000 Uncommon trap: reason=unstable_if action=reinterpret pc=0x0000000002a0a534 method=com.android.dx.ssa.back.FirstFitLocalCombiningAllocator.handleCheckCastResults()V @ 171
Event: 11.820 Thread 0x000000001f792800 Uncommon trap: reason=unstable_if action=reinterpret pc=0x0000000002eb4830 method=com.android.dx.ssa.back.FirstFitLocalCombiningAllocator.getAlignment(I)Lcom/android/dx/ssa/back/FirstFitLocalCombiningAllocator$Alignment; @ 16
Event: 11.821 Thread 0x000000001f792800 Uncommon trap: reason=unstable_if action=reinterpret pc=0x0000000003100178 method=com.android.dx.ssa.back.LivenessAnalyzer.coInterferePhis(Lcom/android/dx/ssa/SsaMethod;Lcom/android/dx/ssa/back/InterferenceGraph;)V @ 66
Event: 11.821 Thread 0x000000001f792800 Uncommon trap: reason=unstable_if action=reinterpret pc=0x0000000002edd9f8 method=com.android.dx.cf.code.RopperMachine.run(Lcom/android/dx/cf/code/Frame;II)V @ 1019
Event: 11.822 Thread 0x000000001f792800 Uncommon trap: reason=unstable_if action=reinterpret pc=0x000000000305adf4 method=com.android.dx.ssa.SsaConverter.edgeSplitPredecessors(Lcom/android/dx/ssa/SsaMethod;)V @ 29
Event: 11.822 Thread 0x000000001f792800 Uncommon trap: reason=unstable_if action=reinterpret pc=0x000000000304449c method=com.android.dx.ssa.DomFront.calcDomFronts()V @ 106
Event: 11.822 Thread 0x000000001f792800 Uncommon trap: reason=unstable_if action=reinterpret pc=0x0000000002d5f824 method=com.android.dx.ssa.SsaRenamer$BlockRenamer.addMapping(ILcom/android/dx/rop/code/RegisterSpec;)V @ 120
Event: 11.822 Thread 0x000000001f792800 Uncommon trap: reason=unstable_if action=reinterpret pc=0x0000000002d76e20 method=com.android.dx.ssa.SsaRenamer$BlockRenamer.addMapping(ILcom/android/dx/rop/code/RegisterSpec;)V @ 120
Event: 11.823 Thread 0x000000001f78b000 Uncommon trap: reason=unstable_if action=reinterpret pc=0x0000000002e6673c method=com.android.dx.ssa.back.IdenticalBlockCombiner.process()Lcom/android/dx/rop/code/RopMethod; @ 197

Classes redefined (0 events):
No events

Internal exceptions (5 events):
Event: 0.015 Thread 0x00000000000fe800 Exception <a 'java/lang/NoSuchMethodError': Method sun.misc.Unsafe.defineClass(Ljava/lang/String;[BII)Ljava/lang/Class; name or signature does not match> (0x000000076ab07ca8) thrown at [D:\src\AOSP-openjdk-cygwin\jdk8u\hotspot\src\share\vm\prims\jni.cpp, 
Event: 0.015 Thread 0x00000000000fe800 Exception <a 'java/lang/NoSuchMethodError': Method sun.misc.Unsafe.prefetchRead(Ljava/lang/Object;J)V name or signature does not match> (0x000000076ab07f90) thrown at [D:\src\AOSP-openjdk-cygwin\jdk8u\hotspot\src\share\vm\prims\jni.cpp, line 4011]
Event: 0.767 Thread 0x000000001f792800 Exception <a 'java/lang/ArrayIndexOutOfBoundsException': 18> (0x000000076b4efde8) thrown at [D:\src\AOSP-openjdk-cygwin\jdk8u\hotspot\src\share\vm\interpreter\interpreterRuntime.cpp, line 366]
Event: 0.767 Thread 0x000000001f792800 Exception <a 'java/lang/ArrayIndexOutOfBoundsException': 145> (0x000000076b4f1968) thrown at [D:\src\AOSP-openjdk-cygwin\jdk8u\hotspot\src\share\vm\interpreter\interpreterRuntime.cpp, line 366]
Event: 0.768 Thread 0x000000001f792800 Exception <a 'java/lang/ArrayIndexOutOfBoundsException': 40> (0x000000076b4f2c50) thrown at [D:\src\AOSP-openjdk-cygwin\jdk8u\hotspot\src\share\vm\interpreter\interpreterRuntime.cpp, line 366]

Events (10 events):
Event: 11.822 Thread 0x000000001f792800 DEOPT PACKING pc=0x0000000002d5f824 sp=0x000000002051e5b0
Event: 11.822 Thread 0x000000001f792800 DEOPT UNPACKING pc=0x000000000279556a sp=0x000000002051e470 mode 2
Event: 11.822 Thread 0x000000001f792800 Uncommon trap: trap_request=0xffffff65 fr.pc=0x0000000002d76e20
Event: 11.822 Thread 0x000000001f792800 DEOPT PACKING pc=0x0000000002d76e20 sp=0x000000002051e530
Event: 11.822 Thread 0x000000001f792800 DEOPT UNPACKING pc=0x000000000279556a sp=0x000000002051e460 mode 2
Event: 11.823 Thread 0x000000001f78b000 Uncommon trap: trap_request=0xffffff65 fr.pc=0x0000000002e6673c
Event: 11.823 Thread 0x000000001f78b000 DEOPT PACKING pc=0x0000000002e6673c sp=0x00000000203ee9f0
Event: 11.823 Thread 0x000000001f78b000 DEOPT UNPACKING pc=0x000000000279556a sp=0x00000000203ee990 mode 2
Event: 11.825 Thread 0x000000001f792800 DEOPT PACKING pc=0x00000000030ac339 sp=0x000000002051e660
Event: 11.825 Thread 0x000000001f792800 DEOPT UNPACKING pc=0x00000000027975bf sp=0x000000002051e3f0 mode 0


Dynamic libraries:
0x000000013f730000 - 0x000000013f761000 	D:\AS3.0\jre\bin\java.exe
0x00000000770f0000 - 0x0000000077299000 	C:\Windows\SYSTEM32\ntdll.dll
0x0000000076ed0000 - 0x0000000076fef000 	C:\Windows\system32\kernel32.dll
0x000007fefcfa0000 - 0x000007fefd00c000 	C:\Windows\system32\KERNELBASE.dll
0x000007fefecd0000 - 0x000007fefedab000 	C:\Windows\system32\ADVAPI32.dll
0x000007fefede0000 - 0x000007fefee7f000 	C:\Windows\system32\msvcrt.dll
0x000007fefefc0000 - 0x000007fefefdf000 	C:\Windows\SYSTEM32\sechost.dll
0x000007fefe2f0000 - 0x000007fefe41d000 	C:\Windows\system32\RPCRT4.dll
0x0000000076ff0000 - 0x00000000770ea000 	C:\Windows\system32\USER32.dll
0x000007fefe650000 - 0x000007fefe6b7000 	C:\Windows\system32\GDI32.dll
0x000007fefe6c0000 - 0x000007fefe6ce000 	C:\Windows\system32\LPK.dll
0x000007fefefe0000 - 0x000007feff0a9000 	C:\Windows\system32\USP10.dll
0x000007fefb4f0000 - 0x000007fefb6e4000 	C:\Windows\WinSxS\amd64_microsoft.windows.common-controls_6595b64144ccf1df_6.0.7601.17514_none_fa396087175ac9ac\COMCTL32.dll
0x000007fefd4e0000 - 0x000007fefd551000 	C:\Windows\system32\SHLWAPI.dll
0x000007fefedb0000 - 0x000007fefedde000 	C:\Windows\system32\IMM32.DLL
0x000007fefe970000 - 0x000007fefea79000 	C:\Windows\system32\MSCTF.dll
0x0000000073490000 - 0x0000000073562000 	D:\AS3.0\jre\jre\bin\msvcr100.dll
0x0000000073570000 - 0x0000000073dae000 	D:\AS3.0\jre\jre\bin\server\jvm.dll
0x000007fef35e0000 - 0x000007fef35e9000 	C:\Windows\system32\WSOCK32.dll
0x000007fefeb20000 - 0x000007fefeb6d000 	C:\Windows\system32\WS2_32.dll
0x000007fefe6d0000 - 0x000007fefe6d8000 	C:\Windows\system32\NSI.dll
0x000007fef9ca0000 - 0x000007fef9cdb000 	C:\Windows\system32\WINMM.dll
0x000007fefbe10000 - 0x000007fefbe1c000 	C:\Windows\system32\VERSION.dll
0x00000000772c0000 - 0x00000000772c7000 	C:\Windows\system32\PSAPI.DLL
0x000007fef35d0000 - 0x000007fef35df000 	D:\AS3.0\jre\jre\bin\verify.dll
0x000007fef26c0000 - 0x000007fef26e9000 	D:\AS3.0\jre\jre\bin\java.dll
0x000007fef2e50000 - 0x000007fef2e66000 	D:\AS3.0\jre\jre\bin\zip.dll
0x000007fefd560000 - 0x000007fefe2e8000 	C:\Windows\system32\SHELL32.dll
0x000007feff0b0000 - 0x000007feff2b3000 	C:\Windows\system32\ole32.dll
0x000007fefcf50000 - 0x000007fefcf5f000 	C:\Windows\system32\profapi.dll

VM Arguments:
jvm_args: -Djava.awt.headless=true -Xmx4g -Dfile.encoding=GBK -Duser.country=CN -Duser.language=zh -Duser.variant 
java_command: com.android.dx.command.Main --dex --force-jumbo --num-threads=4 --multi-dex --output C:\Users\Administrator\Desktop\qq\iknow-android\app\build\intermediates\transforms\dex\debug\folders\1000\5\slice_5 C:\Users\Administrator\Desktop\qq\iknow-android\app\build\intermediates\transforms\instantRunSlicer\debug\folders\1\5\slice_5
java_class_path (initial): C:\Users\Administrator\AppData\Local\Android\Sdk\build-tools\25.0.2\lib\dx.jar
Launcher Type: SUN_STANDARD

Environment Variables:
JAVA_HOME=C:\Program Files\Java\jdk1.8.0_171
CLASSPATH=.;C:\Program Files\Java\jdk1.8.0_171\lib;C:\Program Files\Java\jdk1.8.0_171\lib\tools.jar
PATH=C:\ProgramData\Oracle\Java\javapath;C:\Program Files (x86)\Common Files\Oracle\Java\javapath;C:\Windows\system32;C:\Windows;C:\Windows\System32\Wbem;C:\Windows\System32\WindowsPowerShell\v1.0\;C:\Program Files (x86)\Windows Kits\10\Windows Performance Toolkit\;D:\apache-maven-3.5.3\bin;C:\Program Files\TortoiseSVN\bin;C:\Program Files\Java\jdk1.8.0_171\bin;C:\Program Files\Java\jdk1.8.0_171\jre\bin
USERNAME=Administrator
OS=Windows_NT
PROCESSOR_IDENTIFIER=Intel64 Family 6 Model 158 Stepping 9, GenuineIntel



---------------  S Y S T E M  ---------------

OS: Windows 7 , 64 bit Build 7601 (6.1.7601.18409)

CPU:total 8 (initial active 8) (4 cores per cpu, 2 threads per core) family 6 model 158 stepping 9, cmov, cx8, fxsr, mmx, sse, sse2, sse3, ssse3, sse4.1, sse4.2, popcnt, avx, avx2, aes, clmul, erms, rtm, 3dnowpref, lzcnt, ht, tsc, tscinvbit, bmi1, bmi2, adx

Memory: 4k page, physical 8352760k(1260396k free), swap 8350896k(5524k free)

vm_info: OpenJDK 64-Bit Server VM (25.152-b01) for windows-amd64 JRE (1.8.0_152-release-915-b01), built by "builder" with MS VC++ 10.0 (VS2010)

time: Tue Jun 05 19:52:26 2018
elapsed time: 11 seconds (0d 0h 0m 11s)

